{"C:\\Dev\\Training 2\\My revision\\TypescriptRev\\Typescript10 CR\\src\\index.ts": {"path":"C:\\Dev\\Training 2\\My revision\\TypescriptRev\\Typescript10 CR\\src\\index.ts","statementMap":{"0":{"start":{"line":27,"column":0},"end":{"line":27,"column":30}},"1":{"start":{"line":28,"column":0},"end":{"line":28,"column":49}},"2":{"start":{"line":29,"column":0},"end":{"line":29,"column":34}},"3":{"start":{"line":30,"column":0},"end":{"line":30,"column":46}},"4":{"start":{"line":32,"column":0},"end":{"line":32,"column":49}},"5":{"start":{"line":33,"column":0},"end":{"line":33,"column":52}},"6":{"start":{"line":34,"column":0},"end":{"line":34,"column":58}},"7":{"start":{"line":35,"column":0},"end":{"line":35,"column":58}},"8":{"start":{"line":37,"column":22},"end":{"line":58,"column":1}},"9":{"start":{"line":38,"column":14},"end":{"line":38,"column":23}},"10":{"start":{"line":41,"column":2},"end":{"line":41,"column":26}},"11":{"start":{"line":44,"column":2},"end":{"line":44,"column":16}},"12":{"start":{"line":45,"column":2},"end":{"line":45,"column":11}},"13":{"start":{"line":46,"column":2},"end":{"line":46,"column":15}},"14":{"start":{"line":48,"column":2},"end":{"line":48,"column":16}},"15":{"start":{"line":49,"column":2},"end":{"line":49,"column":17}},"16":{"start":{"line":50,"column":2},"end":{"line":50,"column":19}},"17":{"start":{"line":51,"column":2},"end":{"line":51,"column":19}},"18":{"start":{"line":53,"column":2},"end":{"line":55,"column":5}},"19":{"start":{"line":54,"column":4},"end":{"line":54,"column":46}},"20":{"start":{"line":57,"column":2},"end":{"line":57,"column":13}},"21":{"start":{"line":60,"column":12},"end":{"line":60,"column":27}},"22":{"start":{"line":63,"column":0},"end":{"line":68,"column":1}},"23":{"start":{"line":64,"column":15},"end":{"line":64,"column":39}},"24":{"start":{"line":65,"column":2},"end":{"line":67,"column":5}},"25":{"start":{"line":66,"column":4},"end":{"line":66,"column":65}},"26":{"start":{"line":70,"column":0},"end":{"line":70,"column":19}}},"fnMap":{"0":{"name":"(anonymous_1)","decl":{"start":{"line":37,"column":22},"end":{"line":37,"column":25}},"loc":{"start":{"line":37,"column":27},"end":{"line":58,"column":1}}},"1":{"name":"(anonymous_2)","decl":{"start":{"line":53,"column":15},"end":{"line":53,"column":16}},"loc":{"start":{"line":53,"column":28},"end":{"line":55,"column":3}}},"2":{"name":"(anonymous_3)","decl":{"start":{"line":65,"column":19},"end":{"line":65,"column":22}},"loc":{"start":{"line":65,"column":24},"end":{"line":67,"column":3}}}},"branchMap":{"0":{"loc":{"start":{"line":63,"column":0},"end":{"line":68,"column":1}},"type":"if","locations":[{"start":{"line":63,"column":0},"end":{"line":68,"column":1}},{"start":{},"end":{}}]},"1":{"loc":{"start":{"line":64,"column":15},"end":{"line":64,"column":39}},"type":"binary-expr","locations":[{"start":{"line":64,"column":15},"end":{"line":64,"column":31}},{"start":{"line":64,"column":35},"end":{"line":64,"column":39}}]}},"s":{"0":7,"1":7,"2":7,"3":7,"4":7,"5":7,"6":7,"7":7,"8":7,"9":7,"10":7,"11":7,"12":7,"13":7,"14":7,"15":7,"16":7,"17":7,"18":7,"19":0,"20":7,"21":7,"22":7,"23":0,"24":0,"25":0,"26":7},"f":{"0":7,"1":0,"2":0},"b":{"0":[0,7],"1":[0,0]}}
,"C:\\Dev\\Training 2\\My revision\\TypescriptRev\\Typescript10 CR\\src\\Drizzle\\db.ts": {"path":"C:\\Dev\\Training 2\\My revision\\TypescriptRev\\Typescript10 CR\\src\\Drizzle\\db.ts","statementMap":{"0":{"start":{"line":42,"column":2},"end":{"line":42,"column":24}},"1":{"start":{"line":44,"column":2},"end":{"line":44,"column":53}},"2":{"start":{"line":45,"column":2},"end":{"line":45,"column":29}},"3":{"start":{"line":46,"column":2},"end":{"line":46,"column":36}},"4":{"start":{"line":48,"column":15},"end":{"line":50,"column":null}},"5":{"start":{"line":52,"column":15},"end":{"line":54,"column":3}},"6":{"start":{"line":53,"column":6},"end":{"line":53,"column":null}},"7":{"start":{"line":55,"column":2},"end":{"line":59,"column":null}},"8":{"start":{"line":56,"column":6},"end":{"line":56,"column":null}},"9":{"start":{"line":58,"column":6},"end":{"line":58,"column":null}},"10":{"start":{"line":62,"column":13},"end":{"line":62,"column":55}},"11":{"start":{"line":64,"column":2},"end":{"line":64,"column":null}}},"fnMap":{"0":{"name":"(anonymous_9)","decl":{"start":{"line":52,"column":15},"end":{"line":52,"column":20}},"loc":{"start":{"line":52,"column":26},"end":{"line":54,"column":3}}},"1":{"name":"(anonymous_10)","decl":{"start":{"line":55,"column":14},"end":{"line":55,"column":17}},"loc":{"start":{"line":55,"column":19},"end":{"line":57,"column":3}}},"2":{"name":"(anonymous_11)","decl":{"start":{"line":57,"column":11},"end":{"line":57,"column":12}},"loc":{"start":{"line":57,"column":21},"end":{"line":59,"column":3}}}},"branchMap":{},"s":{"0":7,"1":7,"2":7,"3":7,"4":7,"5":7,"6":7,"7":7,"8":7,"9":0,"10":7,"11":7},"f":{"0":7,"1":7,"2":0},"b":{}}
,"C:\\Dev\\Training 2\\My revision\\TypescriptRev\\Typescript10 CR\\src\\Drizzle\\schema.ts": {"path":"C:\\Dev\\Training 2\\My revision\\TypescriptRev\\Typescript10 CR\\src\\Drizzle\\schema.ts","statementMap":{"0":{"start":{"line":163,"column":0},"end":{"line":163,"column":44}},"1":{"start":{"line":164,"column":0},"end":{"line":164,"column":45}},"2":{"start":{"line":165,"column":0},"end":{"line":165,"column":113}},"3":{"start":{"line":168,"column":13},"end":{"line":170,"column":13}},"4":{"start":{"line":173,"column":13},"end":{"line":186,"column":3}},"5":{"start":{"line":189,"column":13},"end":{"line":194,"column":3}},"6":{"start":{"line":208,"column":13},"end":{"line":216,"column":3}},"7":{"start":{"line":215,"column":55},"end":{"line":215,"column":79}},"8":{"start":{"line":220,"column":13},"end":{"line":227,"column":3}},"9":{"start":{"line":222,"column":65},"end":{"line":222,"column":89}},"10":{"start":{"line":223,"column":55},"end":{"line":223,"column":69}},"11":{"start":{"line":230,"column":13},"end":{"line":237,"column":3}},"12":{"start":{"line":232,"column":55},"end":{"line":232,"column":69}},"13":{"start":{"line":233,"column":65},"end":{"line":233,"column":89}},"14":{"start":{"line":240,"column":13},"end":{"line":246,"column":3}},"15":{"start":{"line":242,"column":63},"end":{"line":242,"column":86}},"16":{"start":{"line":250,"column":13},"end":{"line":256,"column":3}},"17":{"start":{"line":252,"column":55},"end":{"line":252,"column":69}},"18":{"start":{"line":261,"column":13},"end":{"line":268,"column":3}},"19":{"start":{"line":263,"column":55},"end":{"line":263,"column":69}},"20":{"start":{"line":274,"column":13},"end":{"line":278,"column":null}},"21":{"start":{"line":274,"column":73},"end":{"line":278,"column":2}},"22":{"start":{"line":281,"column":13},"end":{"line":283,"column":null}},"23":{"start":{"line":281,"column":77},"end":{"line":283,"column":2}},"24":{"start":{"line":286,"column":13},"end":{"line":295,"column":4}},"25":{"start":{"line":286,"column":68},"end":{"line":295,"column":2}},"26":{"start":{"line":298,"column":13},"end":{"line":307,"column":null}},"27":{"start":{"line":298,"column":78},"end":{"line":307,"column":2}},"28":{"start":{"line":310,"column":13},"end":{"line":320,"column":null}},"29":{"start":{"line":310,"column":78},"end":{"line":320,"column":2}},"30":{"start":{"line":323,"column":13},"end":{"line":328,"column":null}},"31":{"start":{"line":323,"column":70},"end":{"line":328,"column":2}},"32":{"start":{"line":331,"column":13},"end":{"line":336,"column":4}},"33":{"start":{"line":331,"column":78},"end":{"line":336,"column":2}},"34":{"start":{"line":339,"column":13},"end":{"line":344,"column":4}},"35":{"start":{"line":339,"column":74},"end":{"line":344,"column":2}}},"fnMap":{"0":{"name":"(anonymous_0)","decl":{"start":{"line":215,"column":49},"end":{"line":215,"column":52}},"loc":{"start":{"line":215,"column":55},"end":{"line":215,"column":79}}},"1":{"name":"(anonymous_1)","decl":{"start":{"line":222,"column":59},"end":{"line":222,"column":62}},"loc":{"start":{"line":222,"column":65},"end":{"line":222,"column":89}}},"2":{"name":"(anonymous_2)","decl":{"start":{"line":223,"column":49},"end":{"line":223,"column":52}},"loc":{"start":{"line":223,"column":55},"end":{"line":223,"column":69}}},"3":{"name":"(anonymous_3)","decl":{"start":{"line":232,"column":49},"end":{"line":232,"column":52}},"loc":{"start":{"line":232,"column":55},"end":{"line":232,"column":69}}},"4":{"name":"(anonymous_4)","decl":{"start":{"line":233,"column":59},"end":{"line":233,"column":62}},"loc":{"start":{"line":233,"column":65},"end":{"line":233,"column":89}}},"5":{"name":"(anonymous_5)","decl":{"start":{"line":242,"column":57},"end":{"line":242,"column":60}},"loc":{"start":{"line":242,"column":63},"end":{"line":242,"column":86}}},"6":{"name":"(anonymous_6)","decl":{"start":{"line":252,"column":49},"end":{"line":252,"column":52}},"loc":{"start":{"line":252,"column":55},"end":{"line":252,"column":69}}},"7":{"name":"(anonymous_7)","decl":{"start":{"line":263,"column":49},"end":{"line":263,"column":52}},"loc":{"start":{"line":263,"column":55},"end":{"line":263,"column":69}}},"8":{"name":"(anonymous_8)","decl":{"start":{"line":274,"column":58},"end":{"line":274,"column":59}},"loc":{"start":{"line":274,"column":73},"end":{"line":278,"column":2}}},"9":{"name":"(anonymous_9)","decl":{"start":{"line":281,"column":62},"end":{"line":281,"column":63}},"loc":{"start":{"line":281,"column":77},"end":{"line":283,"column":2}}},"10":{"name":"(anonymous_10)","decl":{"start":{"line":286,"column":48},"end":{"line":286,"column":49}},"loc":{"start":{"line":286,"column":68},"end":{"line":295,"column":2}}},"11":{"name":"(anonymous_11)","decl":{"start":{"line":298,"column":64},"end":{"line":298,"column":65}},"loc":{"start":{"line":298,"column":78},"end":{"line":307,"column":2}}},"12":{"name":"(anonymous_12)","decl":{"start":{"line":310,"column":58},"end":{"line":310,"column":59}},"loc":{"start":{"line":310,"column":78},"end":{"line":320,"column":2}}},"13":{"name":"(anonymous_13)","decl":{"start":{"line":323,"column":56},"end":{"line":323,"column":57}},"loc":{"start":{"line":323,"column":70},"end":{"line":328,"column":2}}},"14":{"name":"(anonymous_14)","decl":{"start":{"line":331,"column":64},"end":{"line":331,"column":65}},"loc":{"start":{"line":331,"column":78},"end":{"line":336,"column":2}}},"15":{"name":"(anonymous_15)","decl":{"start":{"line":339,"column":60},"end":{"line":339,"column":61}},"loc":{"start":{"line":339,"column":74},"end":{"line":344,"column":2}}}},"branchMap":{},"s":{"0":7,"1":7,"2":7,"3":7,"4":7,"5":7,"6":7,"7":0,"8":7,"9":0,"10":0,"11":7,"12":0,"13":0,"14":7,"15":0,"16":7,"17":0,"18":7,"19":0,"20":7,"21":7,"22":7,"23":7,"24":7,"25":7,"26":7,"27":7,"28":7,"29":7,"30":7,"31":7,"32":7,"33":7,"34":7,"35":7},"f":{"0":0,"1":0,"2":0,"3":0,"4":0,"5":0,"6":0,"7":0,"8":7,"9":7,"10":7,"11":7,"12":7,"13":7,"14":7,"15":7},"b":{}}
,"C:\\Dev\\Training 2\\My revision\\TypescriptRev\\Typescript10 CR\\src\\car\\carController.ts": {"path":"C:\\Dev\\Training 2\\My revision\\TypescriptRev\\Typescript10 CR\\src\\car\\carController.ts","statementMap":{"0":{"start":{"line":2,"column":0},"end":{"line":2,"column":113}},"1":{"start":{"line":4,"column":35},"end":{"line":17,"column":1}},"2":{"start":{"line":5,"column":4},"end":{"line":16,"column":5}},"3":{"start":{"line":6,"column":20},"end":{"line":6,"column":28}},"4":{"start":{"line":7,"column":26},"end":{"line":7,"column":53}},"5":{"start":{"line":8,"column":8},"end":{"line":8,"column":69}},"6":{"start":{"line":8,"column":23},"end":{"line":8,"column":69}},"7":{"start":{"line":9,"column":8},"end":{"line":11,"column":11}},"8":{"start":{"line":13,"column":8},"end":{"line":15,"column":11}},"9":{"start":{"line":4,"column":13},"end":{"line":4,"column":35}},"10":{"start":{"line":19,"column":36},"end":{"line":33,"column":1}},"11":{"start":{"line":20,"column":4},"end":{"line":32,"column":5}},"12":{"start":{"line":21,"column":19},"end":{"line":21,"column":42}},"13":{"start":{"line":22,"column":8},"end":{"line":24,"column":9}},"14":{"start":{"line":23,"column":12},"end":{"line":23,"column":71}},"15":{"start":{"line":25,"column":20},"end":{"line":25,"column":47}},"16":{"start":{"line":26,"column":8},"end":{"line":28,"column":9}},"17":{"start":{"line":27,"column":12},"end":{"line":27,"column":70}},"18":{"start":{"line":29,"column":8},"end":{"line":29,"column":84}},"19":{"start":{"line":31,"column":8},"end":{"line":31,"column":96}},"20":{"start":{"line":19,"column":13},"end":{"line":19,"column":36}},"21":{"start":{"line":35,"column":32},"end":{"line":45,"column":1}},"22":{"start":{"line":36,"column":4},"end":{"line":44,"column":5}},"23":{"start":{"line":37,"column":21},"end":{"line":37,"column":42}},"24":{"start":{"line":38,"column":8},"end":{"line":40,"column":9}},"25":{"start":{"line":39,"column":12},"end":{"line":39,"column":70}},"26":{"start":{"line":41,"column":8},"end":{"line":41,"column":86}},"27":{"start":{"line":43,"column":8},"end":{"line":43,"column":96}},"28":{"start":{"line":35,"column":13},"end":{"line":35,"column":32}},"29":{"start":{"line":47,"column":35},"end":{"line":66,"column":1}},"30":{"start":{"line":48,"column":4},"end":{"line":65,"column":5}},"31":{"start":{"line":49,"column":19},"end":{"line":49,"column":42}},"32":{"start":{"line":50,"column":8},"end":{"line":52,"column":9}},"33":{"start":{"line":51,"column":12},"end":{"line":51,"column":71}},"34":{"start":{"line":53,"column":20},"end":{"line":53,"column":28}},"35":{"start":{"line":54,"column":28},"end":{"line":54,"column":55}},"36":{"start":{"line":55,"column":8},"end":{"line":57,"column":9}},"37":{"start":{"line":56,"column":12},"end":{"line":56,"column":70}},"38":{"start":{"line":58,"column":27},"end":{"line":58,"column":58}},"39":{"start":{"line":59,"column":8},"end":{"line":61,"column":9}},"40":{"start":{"line":60,"column":12},"end":{"line":60,"column":72}},"41":{"start":{"line":62,"column":8},"end":{"line":62,"column":77}},"42":{"start":{"line":64,"column":8},"end":{"line":64,"column":96}},"43":{"start":{"line":47,"column":13},"end":{"line":47,"column":35}},"44":{"start":{"line":68,"column":35},"end":{"line":82,"column":1}},"45":{"start":{"line":69,"column":4},"end":{"line":81,"column":5}},"46":{"start":{"line":70,"column":19},"end":{"line":70,"column":42}},"47":{"start":{"line":71,"column":8},"end":{"line":73,"column":9}},"48":{"start":{"line":72,"column":12},"end":{"line":72,"column":71}},"49":{"start":{"line":74,"column":27},"end":{"line":74,"column":53}},"50":{"start":{"line":75,"column":8},"end":{"line":77,"column":9}},"51":{"start":{"line":76,"column":12},"end":{"line":76,"column":72}},"52":{"start":{"line":78,"column":8},"end":{"line":78,"column":77}},"53":{"start":{"line":80,"column":8},"end":{"line":80,"column":96}},"54":{"start":{"line":68,"column":13},"end":{"line":68,"column":35}}},"fnMap":{"0":{"name":"(anonymous_0)","decl":{"start":{"line":4,"column":35},"end":{"line":4,"column":40}},"loc":{"start":{"line":4,"column":73},"end":{"line":17,"column":1}}},"1":{"name":"(anonymous_1)","decl":{"start":{"line":19,"column":36},"end":{"line":19,"column":41}},"loc":{"start":{"line":19,"column":74},"end":{"line":33,"column":1}}},"2":{"name":"(anonymous_2)","decl":{"start":{"line":35,"column":32},"end":{"line":35,"column":37}},"loc":{"start":{"line":35,"column":70},"end":{"line":45,"column":1}}},"3":{"name":"(anonymous_3)","decl":{"start":{"line":47,"column":35},"end":{"line":47,"column":40}},"loc":{"start":{"line":47,"column":73},"end":{"line":66,"column":1}}},"4":{"name":"(anonymous_4)","decl":{"start":{"line":68,"column":35},"end":{"line":68,"column":40}},"loc":{"start":{"line":68,"column":73},"end":{"line":82,"column":1}}}},"branchMap":{"0":{"loc":{"start":{"line":8,"column":8},"end":{"line":8,"column":69}},"type":"if","locations":[{"start":{"line":8,"column":8},"end":{"line":8,"column":69}},{"start":{},"end":{}}]},"1":{"loc":{"start":{"line":22,"column":8},"end":{"line":24,"column":9}},"type":"if","locations":[{"start":{"line":22,"column":8},"end":{"line":24,"column":9}},{"start":{},"end":{}}]},"2":{"loc":{"start":{"line":26,"column":8},"end":{"line":28,"column":9}},"type":"if","locations":[{"start":{"line":26,"column":8},"end":{"line":28,"column":9}},{"start":{},"end":{}}]},"3":{"loc":{"start":{"line":38,"column":8},"end":{"line":40,"column":9}},"type":"if","locations":[{"start":{"line":38,"column":8},"end":{"line":40,"column":9}},{"start":{},"end":{}}]},"4":{"loc":{"start":{"line":38,"column":12},"end":{"line":38,"column":38}},"type":"binary-expr","locations":[{"start":{"line":38,"column":12},"end":{"line":38,"column":17}},{"start":{"line":38,"column":21},"end":{"line":38,"column":38}}]},"5":{"loc":{"start":{"line":50,"column":8},"end":{"line":52,"column":9}},"type":"if","locations":[{"start":{"line":50,"column":8},"end":{"line":52,"column":9}},{"start":{},"end":{}}]},"6":{"loc":{"start":{"line":55,"column":8},"end":{"line":57,"column":9}},"type":"if","locations":[{"start":{"line":55,"column":8},"end":{"line":57,"column":9}},{"start":{},"end":{}}]},"7":{"loc":{"start":{"line":59,"column":8},"end":{"line":61,"column":9}},"type":"if","locations":[{"start":{"line":59,"column":8},"end":{"line":61,"column":9}},{"start":{},"end":{}}]},"8":{"loc":{"start":{"line":71,"column":8},"end":{"line":73,"column":9}},"type":"if","locations":[{"start":{"line":71,"column":8},"end":{"line":73,"column":9}},{"start":{},"end":{}}]},"9":{"loc":{"start":{"line":75,"column":8},"end":{"line":77,"column":9}},"type":"if","locations":[{"start":{"line":75,"column":8},"end":{"line":77,"column":9}},{"start":{},"end":{}}]}},"s":{"0":7,"1":7,"2":2,"3":2,"4":2,"5":1,"6":0,"7":1,"8":1,"9":7,"10":7,"11":3,"12":3,"13":3,"14":1,"15":2,"16":2,"17":1,"18":1,"19":0,"20":7,"21":7,"22":1,"23":1,"24":1,"25":0,"26":1,"27":0,"28":7,"29":7,"30":3,"31":3,"32":3,"33":1,"34":2,"35":2,"36":2,"37":1,"38":1,"39":1,"40":0,"41":1,"42":0,"43":7,"44":7,"45":3,"46":3,"47":3,"48":1,"49":2,"50":2,"51":1,"52":1,"53":0,"54":7},"f":{"0":2,"1":3,"2":1,"3":3,"4":3},"b":{"0":[0,1],"1":[1,2],"2":[1,1],"3":[0,1],"4":[1,1],"5":[1,2],"6":[1,1],"7":[0,1],"8":[1,2],"9":[1,1]}}
,"C:\\Dev\\Training 2\\My revision\\TypescriptRev\\Typescript10 CR\\src\\car\\carRouter.ts": {"path":"C:\\Dev\\Training 2\\My revision\\TypescriptRev\\Typescript10 CR\\src\\car\\carRouter.ts","statementMap":{"0":{"start":{"line":2,"column":0},"end":{"line":2,"column":131}},"1":{"start":{"line":3,"column":12},"end":{"line":44,"column":1}},"2":{"start":{"line":4,"column":4},"end":{"line":10,"column":7}},"3":{"start":{"line":5,"column":8},"end":{"line":9,"column":9}},"4":{"start":{"line":6,"column":12},"end":{"line":6,"column":48}},"5":{"start":{"line":8,"column":12},"end":{"line":8,"column":24}},"6":{"start":{"line":12,"column":4},"end":{"line":19,"column":6}},"7":{"start":{"line":13,"column":8},"end":{"line":17,"column":9}},"8":{"start":{"line":14,"column":12},"end":{"line":14,"column":49}},"9":{"start":{"line":16,"column":12},"end":{"line":16,"column":24}},"10":{"start":{"line":21,"column":4},"end":{"line":27,"column":7}},"11":{"start":{"line":22,"column":8},"end":{"line":26,"column":9}},"12":{"start":{"line":23,"column":12},"end":{"line":23,"column":45}},"13":{"start":{"line":25,"column":12},"end":{"line":25,"column":24}},"14":{"start":{"line":29,"column":4},"end":{"line":35,"column":7}},"15":{"start":{"line":30,"column":8},"end":{"line":34,"column":9}},"16":{"start":{"line":31,"column":12},"end":{"line":31,"column":48}},"17":{"start":{"line":33,"column":12},"end":{"line":33,"column":24}},"18":{"start":{"line":37,"column":4},"end":{"line":43,"column":7}},"19":{"start":{"line":38,"column":8},"end":{"line":42,"column":9}},"20":{"start":{"line":39,"column":12},"end":{"line":39,"column":48}},"21":{"start":{"line":41,"column":12},"end":{"line":41,"column":24}},"22":{"start":{"line":45,"column":0},"end":{"line":45,"column":19}}},"fnMap":{"0":{"name":"(anonymous_0)","decl":{"start":{"line":3,"column":12},"end":{"line":3,"column":13}},"loc":{"start":{"line":3,"column":29},"end":{"line":44,"column":1}}},"1":{"name":"(anonymous_1)","decl":{"start":{"line":4,"column":27},"end":{"line":4,"column":32}},"loc":{"start":{"line":4,"column":52},"end":{"line":10,"column":5}}},"2":{"name":"(anonymous_2)","decl":{"start":{"line":12,"column":30},"end":{"line":12,"column":35}},"loc":{"start":{"line":12,"column":55},"end":{"line":18,"column":5}}},"3":{"name":"(anonymous_3)","decl":{"start":{"line":21,"column":26},"end":{"line":21,"column":31}},"loc":{"start":{"line":21,"column":51},"end":{"line":27,"column":5}}},"4":{"name":"(anonymous_4)","decl":{"start":{"line":29,"column":30},"end":{"line":29,"column":35}},"loc":{"start":{"line":29,"column":55},"end":{"line":35,"column":5}}},"5":{"name":"(anonymous_5)","decl":{"start":{"line":37,"column":33},"end":{"line":37,"column":38}},"loc":{"start":{"line":37,"column":58},"end":{"line":43,"column":5}}}},"branchMap":{},"s":{"0":7,"1":7,"2":7,"3":2,"4":2,"5":0,"6":7,"7":3,"8":3,"9":0,"10":7,"11":1,"12":1,"13":0,"14":7,"15":3,"16":3,"17":0,"18":7,"19":3,"20":3,"21":0,"22":7},"f":{"0":7,"1":2,"2":3,"3":1,"4":3,"5":3},"b":{}}
,"C:\\Dev\\Training 2\\My revision\\TypescriptRev\\Typescript10 CR\\src\\car\\carService.ts": {"path":"C:\\Dev\\Training 2\\My revision\\TypescriptRev\\Typescript10 CR\\src\\car\\carService.ts","statementMap":{"0":{"start":{"line":1,"column":0},"end":{"line":1,"column":33}},"1":{"start":{"line":2,"column":0},"end":{"line":2,"column":31}},"2":{"start":{"line":3,"column":0},"end":{"line":3,"column":52}},"3":{"start":{"line":7,"column":31},"end":{"line":13,"column":1}},"4":{"start":{"line":8,"column":22},"end":{"line":8,"column":71}},"5":{"start":{"line":9,"column":4},"end":{"line":11,"column":5}},"6":{"start":{"line":10,"column":8},"end":{"line":10,"column":24}},"7":{"start":{"line":12,"column":4},"end":{"line":12,"column":16}},"8":{"start":{"line":7,"column":13},"end":{"line":7,"column":31}},"9":{"start":{"line":15,"column":33},"end":{"line":20,"column":1}},"10":{"start":{"line":16,"column":16},"end":{"line":18,"column":6}},"11":{"start":{"line":19,"column":4},"end":{"line":19,"column":15}},"12":{"start":{"line":15,"column":13},"end":{"line":15,"column":33}},"13":{"start":{"line":22,"column":29},"end":{"line":25,"column":1}},"14":{"start":{"line":23,"column":17},"end":{"line":23,"column":51}},"15":{"start":{"line":24,"column":4},"end":{"line":24,"column":16}},"16":{"start":{"line":22,"column":13},"end":{"line":22,"column":29}},"17":{"start":{"line":28,"column":32},"end":{"line":38,"column":1}},"18":{"start":{"line":29,"column":23},"end":{"line":32,"column":20}},"19":{"start":{"line":34,"column":4},"end":{"line":36,"column":5}},"20":{"start":{"line":35,"column":8},"end":{"line":35,"column":20}},"21":{"start":{"line":37,"column":4},"end":{"line":37,"column":38}},"22":{"start":{"line":28,"column":13},"end":{"line":28,"column":32}},"23":{"start":{"line":40,"column":32},"end":{"line":49,"column":1}},"24":{"start":{"line":41,"column":23},"end":{"line":43,"column":20}},"25":{"start":{"line":45,"column":4},"end":{"line":47,"column":5}},"26":{"start":{"line":46,"column":8},"end":{"line":46,"column":20}},"27":{"start":{"line":48,"column":4},"end":{"line":48,"column":38}},"28":{"start":{"line":40,"column":13},"end":{"line":40,"column":32}}},"fnMap":{"0":{"name":"(anonymous_1)","decl":{"start":{"line":7,"column":31},"end":{"line":7,"column":36}},"loc":{"start":{"line":7,"column":52},"end":{"line":13,"column":1}}},"1":{"name":"(anonymous_2)","decl":{"start":{"line":15,"column":33},"end":{"line":15,"column":38}},"loc":{"start":{"line":15,"column":54},"end":{"line":20,"column":1}}},"2":{"name":"(anonymous_3)","decl":{"start":{"line":22,"column":29},"end":{"line":22,"column":34}},"loc":{"start":{"line":22,"column":40},"end":{"line":25,"column":1}}},"3":{"name":"(anonymous_4)","decl":{"start":{"line":28,"column":32},"end":{"line":28,"column":37}},"loc":{"start":{"line":28,"column":65},"end":{"line":38,"column":1}}},"4":{"name":"(anonymous_5)","decl":{"start":{"line":40,"column":32},"end":{"line":40,"column":37}},"loc":{"start":{"line":40,"column":53},"end":{"line":49,"column":1}}}},"branchMap":{"0":{"loc":{"start":{"line":9,"column":4},"end":{"line":11,"column":5}},"type":"if","locations":[{"start":{"line":9,"column":4},"end":{"line":11,"column":5}},{"start":{},"end":{}}]},"1":{"loc":{"start":{"line":34,"column":4},"end":{"line":36,"column":5}},"type":"if","locations":[{"start":{"line":34,"column":4},"end":{"line":36,"column":5}},{"start":{},"end":{}}]},"2":{"loc":{"start":{"line":45,"column":4},"end":{"line":47,"column":5}},"type":"if","locations":[{"start":{"line":45,"column":4},"end":{"line":47,"column":5}},{"start":{},"end":{}}]}},"s":{"0":7,"1":7,"2":7,"3":7,"4":2,"5":1,"6":1,"7":0,"8":7,"9":7,"10":4,"11":4,"12":7,"13":7,"14":1,"15":1,"16":7,"17":7,"18":1,"19":1,"20":0,"21":1,"22":7,"23":7,"24":2,"25":2,"26":1,"27":1,"28":7},"f":{"0":2,"1":4,"2":1,"3":1,"4":2},"b":{"0":[1,0],"1":[0,1],"2":[1,1]}}
,"C:\\Dev\\Training 2\\My revision\\TypescriptRev\\Typescript10 CR\\src\\customer\\customerController.ts": {"path":"C:\\Dev\\Training 2\\My revision\\TypescriptRev\\Typescript10 CR\\src\\customer\\customerController.ts","statementMap":{"0":{"start":{"line":430,"column":0},"end":{"line":430,"column":null}},"1":{"start":{"line":443,"column":0},"end":{"line":443,"column":28}},"2":{"start":{"line":444,"column":0},"end":{"line":444,"column":31}},"3":{"start":{"line":445,"column":0},"end":{"line":445,"column":23}},"4":{"start":{"line":448,"column":40},"end":{"line":470,"column":1}},"5":{"start":{"line":449,"column":2},"end":{"line":469,"column":3}},"6":{"start":{"line":450,"column":21},"end":{"line":450,"column":29}},"7":{"start":{"line":451,"column":21},"end":{"line":451,"column":38}},"8":{"start":{"line":453,"column":4},"end":{"line":455,"column":5}},"9":{"start":{"line":454,"column":6},"end":{"line":454,"column":94}},"10":{"start":{"line":457,"column":27},"end":{"line":457,"column":58}},"11":{"start":{"line":458,"column":4},"end":{"line":458,"column":39}},"12":{"start":{"line":460,"column":27},"end":{"line":460,"column":64}},"13":{"start":{"line":461,"column":4},"end":{"line":461,"column":78}},"14":{"start":{"line":461,"column":25},"end":{"line":461,"column":78}},"15":{"start":{"line":463,"column":4},"end":{"line":465,"column":7}},"16":{"start":{"line":468,"column":4},"end":{"line":468,"column":60}},"17":{"start":{"line":448,"column":13},"end":{"line":448,"column":40}},"18":{"start":{"line":473,"column":40},"end":{"line":475,"column":1}},"19":{"start":{"line":474,"column":2},"end":{"line":474,"column":103}},"20":{"start":{"line":473,"column":13},"end":{"line":473,"column":40}},"21":{"start":{"line":478,"column":39},"end":{"line":525,"column":1}},"22":{"start":{"line":479,"column":2},"end":{"line":524,"column":3}},"23":{"start":{"line":480,"column":21},"end":{"line":480,"column":29}},"24":{"start":{"line":481,"column":26},"end":{"line":481,"column":62}},"25":{"start":{"line":483,"column":4},"end":{"line":485,"column":5}},"26":{"start":{"line":484,"column":6},"end":{"line":484,"column":69}},"27":{"start":{"line":487,"column":26},"end":{"line":487,"column":89}},"28":{"start":{"line":488,"column":4},"end":{"line":490,"column":5}},"29":{"start":{"line":489,"column":6},"end":{"line":489,"column":70}},"30":{"start":{"line":492,"column":20},"end":{"line":500,"column":6}},"31":{"start":{"line":502,"column":19},"end":{"line":502,"column":55}},"32":{"start":{"line":503,"column":4},"end":{"line":505,"column":5}},"33":{"start":{"line":504,"column":6},"end":{"line":504,"column":80}},"34":{"start":{"line":507,"column":18},"end":{"line":507,"column":67}},"35":{"start":{"line":509,"column":4},"end":{"line":520,"column":7}},"36":{"start":{"line":523,"column":4},"end":{"line":523,"column":60}},"37":{"start":{"line":478,"column":13},"end":{"line":478,"column":39}},"38":{"start":{"line":527,"column":37},"end":{"line":537,"column":1}},"39":{"start":{"line":528,"column":2},"end":{"line":536,"column":3}},"40":{"start":{"line":529,"column":22},"end":{"line":529,"column":48}},"41":{"start":{"line":530,"column":4},"end":{"line":532,"column":5}},"42":{"start":{"line":531,"column":6},"end":{"line":531,"column":69}},"43":{"start":{"line":533,"column":4},"end":{"line":533,"column":92}},"44":{"start":{"line":535,"column":4},"end":{"line":535,"column":92}},"45":{"start":{"line":527,"column":13},"end":{"line":527,"column":37}},"46":{"start":{"line":539,"column":41},"end":{"line":553,"column":1}},"47":{"start":{"line":540,"column":2},"end":{"line":552,"column":3}},"48":{"start":{"line":541,"column":15},"end":{"line":541,"column":38}},"49":{"start":{"line":542,"column":4},"end":{"line":544,"column":5}},"50":{"start":{"line":543,"column":6},"end":{"line":543,"column":70}},"51":{"start":{"line":545,"column":21},"end":{"line":545,"column":53}},"52":{"start":{"line":546,"column":4},"end":{"line":548,"column":5}},"53":{"start":{"line":547,"column":6},"end":{"line":547,"column":69}},"54":{"start":{"line":549,"column":4},"end":{"line":549,"column":90}},"55":{"start":{"line":551,"column":4},"end":{"line":551,"column":92}},"56":{"start":{"line":539,"column":13},"end":{"line":539,"column":41}},"57":{"start":{"line":555,"column":49},"end":{"line":570,"column":1}},"58":{"start":{"line":556,"column":13},"end":{"line":556,"column":36}},"59":{"start":{"line":557,"column":2},"end":{"line":559,"column":3}},"60":{"start":{"line":558,"column":4},"end":{"line":558,"column":68}},"61":{"start":{"line":561,"column":2},"end":{"line":569,"column":3}},"62":{"start":{"line":562,"column":21},"end":{"line":562,"column":54}},"63":{"start":{"line":563,"column":4},"end":{"line":565,"column":5}},"64":{"start":{"line":564,"column":6},"end":{"line":564,"column":69}},"65":{"start":{"line":566,"column":4},"end":{"line":566,"column":42}},"66":{"start":{"line":568,"column":4},"end":{"line":568,"column":70}},"67":{"start":{"line":555,"column":13},"end":{"line":555,"column":49}},"68":{"start":{"line":572,"column":61},"end":{"line":582,"column":1}},"69":{"start":{"line":573,"column":2},"end":{"line":581,"column":3}},"70":{"start":{"line":574,"column":22},"end":{"line":574,"column":72}},"71":{"start":{"line":575,"column":4},"end":{"line":577,"column":5}},"72":{"start":{"line":576,"column":6},"end":{"line":576,"column":96}},"73":{"start":{"line":578,"column":4},"end":{"line":578,"column":119}},"74":{"start":{"line":580,"column":4},"end":{"line":580,"column":92}},"75":{"start":{"line":572,"column":13},"end":{"line":572,"column":61}},"76":{"start":{"line":584,"column":40},"end":{"line":606,"column":1}},"77":{"start":{"line":585,"column":2},"end":{"line":605,"column":3}},"78":{"start":{"line":586,"column":15},"end":{"line":586,"column":38}},"79":{"start":{"line":587,"column":4},"end":{"line":589,"column":5}},"80":{"start":{"line":588,"column":6},"end":{"line":588,"column":70}},"81":{"start":{"line":591,"column":21},"end":{"line":591,"column":29}},"82":{"start":{"line":592,"column":29},"end":{"line":592,"column":61}},"83":{"start":{"line":593,"column":4},"end":{"line":595,"column":5}},"84":{"start":{"line":594,"column":6},"end":{"line":594,"column":69}},"85":{"start":{"line":597,"column":28},"end":{"line":597,"column":69}},"86":{"start":{"line":598,"column":4},"end":{"line":600,"column":5}},"87":{"start":{"line":599,"column":6},"end":{"line":599,"column":71}},"88":{"start":{"line":602,"column":4},"end":{"line":602,"column":78}},"89":{"start":{"line":604,"column":4},"end":{"line":604,"column":92}},"90":{"start":{"line":584,"column":13},"end":{"line":584,"column":40}},"91":{"start":{"line":608,"column":40},"end":{"line":629,"column":1}},"92":{"start":{"line":609,"column":2},"end":{"line":628,"column":3}},"93":{"start":{"line":610,"column":15},"end":{"line":610,"column":38}},"94":{"start":{"line":611,"column":4},"end":{"line":613,"column":5}},"95":{"start":{"line":612,"column":6},"end":{"line":612,"column":70}},"96":{"start":{"line":615,"column":29},"end":{"line":615,"column":61}},"97":{"start":{"line":616,"column":4},"end":{"line":618,"column":5}},"98":{"start":{"line":617,"column":6},"end":{"line":617,"column":69}},"99":{"start":{"line":620,"column":28},"end":{"line":620,"column":59}},"100":{"start":{"line":621,"column":4},"end":{"line":623,"column":5}},"101":{"start":{"line":622,"column":6},"end":{"line":622,"column":71}},"102":{"start":{"line":625,"column":4},"end":{"line":625,"column":78}},"103":{"start":{"line":627,"column":4},"end":{"line":627,"column":92}},"104":{"start":{"line":608,"column":13},"end":{"line":608,"column":40}},"105":{"start":{"line":631,"column":53},"end":{"line":645,"column":1}},"106":{"start":{"line":632,"column":2},"end":{"line":644,"column":3}},"107":{"start":{"line":633,"column":15},"end":{"line":633,"column":38}},"108":{"start":{"line":634,"column":4},"end":{"line":636,"column":5}},"109":{"start":{"line":635,"column":6},"end":{"line":635,"column":70}},"110":{"start":{"line":637,"column":21},"end":{"line":637,"column":65}},"111":{"start":{"line":638,"column":4},"end":{"line":640,"column":5}},"112":{"start":{"line":639,"column":6},"end":{"line":639,"column":69}},"113":{"start":{"line":641,"column":4},"end":{"line":641,"column":108}},"114":{"start":{"line":643,"column":4},"end":{"line":643,"column":92}},"115":{"start":{"line":631,"column":13},"end":{"line":631,"column":53}},"116":{"start":{"line":647,"column":65},"end":{"line":662,"column":1}},"117":{"start":{"line":648,"column":13},"end":{"line":648,"column":36}},"118":{"start":{"line":649,"column":2},"end":{"line":651,"column":3}},"119":{"start":{"line":650,"column":4},"end":{"line":650,"column":68}},"120":{"start":{"line":653,"column":2},"end":{"line":661,"column":3}},"121":{"start":{"line":654,"column":21},"end":{"line":654,"column":77}},"122":{"start":{"line":655,"column":4},"end":{"line":657,"column":5}},"123":{"start":{"line":656,"column":6},"end":{"line":656,"column":69}},"124":{"start":{"line":658,"column":4},"end":{"line":658,"column":42}},"125":{"start":{"line":660,"column":4},"end":{"line":660,"column":70}},"126":{"start":{"line":647,"column":13},"end":{"line":647,"column":65}}},"fnMap":{"0":{"name":"(anonymous_1)","decl":{"start":{"line":448,"column":40},"end":{"line":448,"column":45}},"loc":{"start":{"line":448,"column":78},"end":{"line":470,"column":1}}},"1":{"name":"(anonymous_2)","decl":{"start":{"line":473,"column":40},"end":{"line":473,"column":45}},"loc":{"start":{"line":473,"column":78},"end":{"line":475,"column":1}}},"2":{"name":"(anonymous_3)","decl":{"start":{"line":478,"column":39},"end":{"line":478,"column":44}},"loc":{"start":{"line":478,"column":77},"end":{"line":525,"column":1}}},"3":{"name":"(anonymous_4)","decl":{"start":{"line":527,"column":37},"end":{"line":527,"column":42}},"loc":{"start":{"line":527,"column":75},"end":{"line":537,"column":1}}},"4":{"name":"(anonymous_5)","decl":{"start":{"line":539,"column":41},"end":{"line":539,"column":46}},"loc":{"start":{"line":539,"column":79},"end":{"line":553,"column":1}}},"5":{"name":"(anonymous_6)","decl":{"start":{"line":555,"column":49},"end":{"line":555,"column":54}},"loc":{"start":{"line":555,"column":87},"end":{"line":570,"column":1}}},"6":{"name":"(anonymous_7)","decl":{"start":{"line":572,"column":61},"end":{"line":572,"column":66}},"loc":{"start":{"line":572,"column":99},"end":{"line":582,"column":1}}},"7":{"name":"(anonymous_8)","decl":{"start":{"line":584,"column":40},"end":{"line":584,"column":45}},"loc":{"start":{"line":584,"column":78},"end":{"line":606,"column":1}}},"8":{"name":"(anonymous_9)","decl":{"start":{"line":608,"column":40},"end":{"line":608,"column":45}},"loc":{"start":{"line":608,"column":78},"end":{"line":629,"column":1}}},"9":{"name":"(anonymous_10)","decl":{"start":{"line":631,"column":53},"end":{"line":631,"column":58}},"loc":{"start":{"line":631,"column":91},"end":{"line":645,"column":1}}},"10":{"name":"(anonymous_11)","decl":{"start":{"line":647,"column":65},"end":{"line":647,"column":70}},"loc":{"start":{"line":647,"column":103},"end":{"line":662,"column":1}}}},"branchMap":{"0":{"loc":{"start":{"line":453,"column":4},"end":{"line":455,"column":5}},"type":"if","locations":[{"start":{"line":453,"column":4},"end":{"line":455,"column":5}},{"start":{},"end":{}}]},"1":{"loc":{"start":{"line":453,"column":8},"end":{"line":453,"column":40}},"type":"binary-expr","locations":[{"start":{"line":453,"column":8},"end":{"line":453,"column":17}},{"start":{"line":453,"column":21},"end":{"line":453,"column":40}}]},"2":{"loc":{"start":{"line":461,"column":4},"end":{"line":461,"column":78}},"type":"if","locations":[{"start":{"line":461,"column":4},"end":{"line":461,"column":78}},{"start":{},"end":{}}]},"3":{"loc":{"start":{"line":483,"column":4},"end":{"line":485,"column":5}},"type":"if","locations":[{"start":{"line":483,"column":4},"end":{"line":485,"column":5}},{"start":{},"end":{}}]},"4":{"loc":{"start":{"line":488,"column":4},"end":{"line":490,"column":5}},"type":"if","locations":[{"start":{"line":488,"column":4},"end":{"line":490,"column":5}},{"start":{},"end":{}}]},"5":{"loc":{"start":{"line":503,"column":4},"end":{"line":505,"column":5}},"type":"if","locations":[{"start":{"line":503,"column":4},"end":{"line":505,"column":5}},{"start":{},"end":{}}]},"6":{"loc":{"start":{"line":530,"column":4},"end":{"line":532,"column":5}},"type":"if","locations":[{"start":{"line":530,"column":4},"end":{"line":532,"column":5}},{"start":{},"end":{}}]},"7":{"loc":{"start":{"line":530,"column":8},"end":{"line":530,"column":44}},"type":"binary-expr","locations":[{"start":{"line":530,"column":8},"end":{"line":530,"column":18}},{"start":{"line":530,"column":22},"end":{"line":530,"column":44}}]},"8":{"loc":{"start":{"line":542,"column":4},"end":{"line":544,"column":5}},"type":"if","locations":[{"start":{"line":542,"column":4},"end":{"line":544,"column":5}},{"start":{},"end":{}}]},"9":{"loc":{"start":{"line":546,"column":4},"end":{"line":548,"column":5}},"type":"if","locations":[{"start":{"line":546,"column":4},"end":{"line":548,"column":5}},{"start":{},"end":{}}]},"10":{"loc":{"start":{"line":557,"column":2},"end":{"line":559,"column":3}},"type":"if","locations":[{"start":{"line":557,"column":2},"end":{"line":559,"column":3}},{"start":{},"end":{}}]},"11":{"loc":{"start":{"line":563,"column":4},"end":{"line":565,"column":5}},"type":"if","locations":[{"start":{"line":563,"column":4},"end":{"line":565,"column":5}},{"start":{},"end":{}}]},"12":{"loc":{"start":{"line":575,"column":4},"end":{"line":577,"column":5}},"type":"if","locations":[{"start":{"line":575,"column":4},"end":{"line":577,"column":5}},{"start":{},"end":{}}]},"13":{"loc":{"start":{"line":575,"column":8},"end":{"line":575,"column":44}},"type":"binary-expr","locations":[{"start":{"line":575,"column":8},"end":{"line":575,"column":18}},{"start":{"line":575,"column":22},"end":{"line":575,"column":44}}]},"14":{"loc":{"start":{"line":587,"column":4},"end":{"line":589,"column":5}},"type":"if","locations":[{"start":{"line":587,"column":4},"end":{"line":589,"column":5}},{"start":{},"end":{}}]},"15":{"loc":{"start":{"line":593,"column":4},"end":{"line":595,"column":5}},"type":"if","locations":[{"start":{"line":593,"column":4},"end":{"line":595,"column":5}},{"start":{},"end":{}}]},"16":{"loc":{"start":{"line":598,"column":4},"end":{"line":600,"column":5}},"type":"if","locations":[{"start":{"line":598,"column":4},"end":{"line":600,"column":5}},{"start":{},"end":{}}]},"17":{"loc":{"start":{"line":611,"column":4},"end":{"line":613,"column":5}},"type":"if","locations":[{"start":{"line":611,"column":4},"end":{"line":613,"column":5}},{"start":{},"end":{}}]},"18":{"loc":{"start":{"line":616,"column":4},"end":{"line":618,"column":5}},"type":"if","locations":[{"start":{"line":616,"column":4},"end":{"line":618,"column":5}},{"start":{},"end":{}}]},"19":{"loc":{"start":{"line":621,"column":4},"end":{"line":623,"column":5}},"type":"if","locations":[{"start":{"line":621,"column":4},"end":{"line":623,"column":5}},{"start":{},"end":{}}]},"20":{"loc":{"start":{"line":634,"column":4},"end":{"line":636,"column":5}},"type":"if","locations":[{"start":{"line":634,"column":4},"end":{"line":636,"column":5}},{"start":{},"end":{}}]},"21":{"loc":{"start":{"line":638,"column":4},"end":{"line":640,"column":5}},"type":"if","locations":[{"start":{"line":638,"column":4},"end":{"line":640,"column":5}},{"start":{},"end":{}}]},"22":{"loc":{"start":{"line":649,"column":2},"end":{"line":651,"column":3}},"type":"if","locations":[{"start":{"line":649,"column":2},"end":{"line":651,"column":3}},{"start":{},"end":{}}]},"23":{"loc":{"start":{"line":655,"column":4},"end":{"line":657,"column":5}},"type":"if","locations":[{"start":{"line":655,"column":4},"end":{"line":657,"column":5}},{"start":{},"end":{}}]}},"s":{"0":7,"1":7,"2":7,"3":7,"4":7,"5":7,"6":7,"7":7,"8":7,"9":0,"10":7,"11":7,"12":7,"13":7,"14":0,"15":7,"16":0,"17":7,"18":7,"19":0,"20":7,"21":7,"22":0,"23":0,"24":0,"25":0,"26":0,"27":0,"28":0,"29":0,"30":0,"31":0,"32":0,"33":0,"34":0,"35":0,"36":0,"37":7,"38":7,"39":1,"40":1,"41":1,"42":0,"43":1,"44":0,"45":7,"46":7,"47":0,"48":0,"49":0,"50":0,"51":0,"52":0,"53":0,"54":0,"55":0,"56":7,"57":7,"58":2,"59":2,"60":0,"61":2,"62":2,"63":2,"64":1,"65":1,"66":0,"67":7,"68":7,"69":1,"70":1,"71":1,"72":0,"73":1,"74":0,"75":7,"76":7,"77":0,"78":0,"79":0,"80":0,"81":0,"82":0,"83":0,"84":0,"85":0,"86":0,"87":0,"88":0,"89":0,"90":7,"91":7,"92":0,"93":0,"94":0,"95":0,"96":0,"97":0,"98":0,"99":0,"100":0,"101":0,"102":0,"103":0,"104":7,"105":7,"106":2,"107":2,"108":2,"109":0,"110":2,"111":2,"112":1,"113":1,"114":0,"115":7,"116":7,"117":1,"118":1,"119":0,"120":1,"121":1,"122":1,"123":0,"124":1,"125":0,"126":7},"f":{"0":7,"1":0,"2":0,"3":1,"4":0,"5":2,"6":1,"7":0,"8":0,"9":2,"10":1},"b":{"0":[0,7],"1":[7,7],"2":[0,7],"3":[0,0],"4":[0,0],"5":[0,0],"6":[0,1],"7":[1,1],"8":[0,0],"9":[0,0],"10":[0,2],"11":[1,1],"12":[0,1],"13":[1,1],"14":[0,0],"15":[0,0],"16":[0,0],"17":[0,0],"18":[0,0],"19":[0,0],"20":[0,2],"21":[1,1],"22":[0,1],"23":[0,1]}}
,"C:\\Dev\\Training 2\\My revision\\TypescriptRev\\Typescript10 CR\\src\\customer\\customerRouter.ts": {"path":"C:\\Dev\\Training 2\\My revision\\TypescriptRev\\Typescript10 CR\\src\\customer\\customerRouter.ts","statementMap":{"0":{"start":{"line":126,"column":0},"end":{"line":126,"column":382}},"1":{"start":{"line":128,"column":17},"end":{"line":218,"column":1}},"2":{"start":{"line":129,"column":4},"end":{"line":136,"column":null}},"3":{"start":{"line":130,"column":8},"end":{"line":134,"column":9}},"4":{"start":{"line":131,"column":12},"end":{"line":131,"column":53}},"5":{"start":{"line":133,"column":12},"end":{"line":133,"column":24}},"6":{"start":{"line":138,"column":4},"end":{"line":145,"column":null}},"7":{"start":{"line":139,"column":8},"end":{"line":143,"column":9}},"8":{"start":{"line":140,"column":12},"end":{"line":140,"column":53}},"9":{"start":{"line":142,"column":12},"end":{"line":142,"column":24}},"10":{"start":{"line":149,"column":4},"end":{"line":156,"column":null}},"11":{"start":{"line":150,"column":8},"end":{"line":154,"column":9}},"12":{"start":{"line":151,"column":12},"end":{"line":151,"column":52}},"13":{"start":{"line":153,"column":12},"end":{"line":153,"column":24}},"14":{"start":{"line":157,"column":4},"end":{"line":163,"column":null}},"15":{"start":{"line":158,"column":8},"end":{"line":162,"column":9}},"16":{"start":{"line":159,"column":12},"end":{"line":159,"column":50}},"17":{"start":{"line":161,"column":12},"end":{"line":161,"column":24}},"18":{"start":{"line":166,"column":4},"end":{"line":172,"column":7}},"19":{"start":{"line":167,"column":8},"end":{"line":171,"column":9}},"20":{"start":{"line":168,"column":12},"end":{"line":168,"column":62}},"21":{"start":{"line":170,"column":12},"end":{"line":170,"column":24}},"22":{"start":{"line":173,"column":4},"end":{"line":179,"column":7}},"23":{"start":{"line":174,"column":8},"end":{"line":178,"column":9}},"24":{"start":{"line":175,"column":12},"end":{"line":175,"column":74}},"25":{"start":{"line":177,"column":12},"end":{"line":177,"column":24}},"26":{"start":{"line":182,"column":4},"end":{"line":189,"column":null}},"27":{"start":{"line":183,"column":8},"end":{"line":187,"column":9}},"28":{"start":{"line":184,"column":12},"end":{"line":184,"column":53}},"29":{"start":{"line":186,"column":12},"end":{"line":186,"column":24}},"30":{"start":{"line":192,"column":4},"end":{"line":199,"column":null}},"31":{"start":{"line":193,"column":8},"end":{"line":197,"column":9}},"32":{"start":{"line":194,"column":12},"end":{"line":194,"column":53}},"33":{"start":{"line":196,"column":12},"end":{"line":196,"column":24}},"34":{"start":{"line":201,"column":4},"end":{"line":207,"column":7}},"35":{"start":{"line":202,"column":8},"end":{"line":206,"column":9}},"36":{"start":{"line":203,"column":12},"end":{"line":203,"column":66}},"37":{"start":{"line":205,"column":12},"end":{"line":205,"column":24}},"38":{"start":{"line":208,"column":5},"end":{"line":214,"column":7}},"39":{"start":{"line":209,"column":8},"end":{"line":213,"column":9}},"40":{"start":{"line":210,"column":12},"end":{"line":210,"column":79}},"41":{"start":{"line":212,"column":12},"end":{"line":212,"column":24}},"42":{"start":{"line":219,"column":0},"end":{"line":219,"column":24}}},"fnMap":{"0":{"name":"(anonymous_0)","decl":{"start":{"line":128,"column":17},"end":{"line":128,"column":18}},"loc":{"start":{"line":128,"column":34},"end":{"line":218,"column":1}}},"1":{"name":"(anonymous_1)","decl":{"start":{"line":129,"column":32},"end":{"line":129,"column":37}},"loc":{"start":{"line":129,"column":57},"end":{"line":135,"column":5}}},"2":{"name":"(anonymous_2)","decl":{"start":{"line":138,"column":39},"end":{"line":138,"column":44}},"loc":{"start":{"line":138,"column":64},"end":{"line":144,"column":5}}},"3":{"name":"(anonymous_3)","decl":{"start":{"line":149,"column":38},"end":{"line":149,"column":43}},"loc":{"start":{"line":149,"column":63},"end":{"line":155,"column":5}}},"4":{"name":"(anonymous_4)","decl":{"start":{"line":157,"column":31},"end":{"line":157,"column":36}},"loc":{"start":{"line":157,"column":56},"end":{"line":163,"column":5}}},"5":{"name":"(anonymous_5)","decl":{"start":{"line":166,"column":44},"end":{"line":166,"column":49}},"loc":{"start":{"line":166,"column":69},"end":{"line":172,"column":5}}},"6":{"name":"(anonymous_6)","decl":{"start":{"line":173,"column":53},"end":{"line":173,"column":58}},"loc":{"start":{"line":173,"column":78},"end":{"line":179,"column":5}}},"7":{"name":"(anonymous_7)","decl":{"start":{"line":182,"column":35},"end":{"line":182,"column":40}},"loc":{"start":{"line":182,"column":60},"end":{"line":188,"column":5}}},"8":{"name":"(anonymous_8)","decl":{"start":{"line":192,"column":38},"end":{"line":192,"column":43}},"loc":{"start":{"line":192,"column":63},"end":{"line":198,"column":5}}},"9":{"name":"(anonymous_9)","decl":{"start":{"line":201,"column":48},"end":{"line":201,"column":53}},"loc":{"start":{"line":201,"column":73},"end":{"line":207,"column":5}}},"10":{"name":"(anonymous_10)","decl":{"start":{"line":208,"column":52},"end":{"line":208,"column":57}},"loc":{"start":{"line":208,"column":77},"end":{"line":214,"column":5}}}},"branchMap":{},"s":{"0":7,"1":7,"2":7,"3":7,"4":7,"5":0,"6":7,"7":0,"8":0,"9":0,"10":7,"11":0,"12":0,"13":0,"14":7,"15":1,"16":1,"17":0,"18":7,"19":2,"20":2,"21":0,"22":7,"23":1,"24":1,"25":0,"26":7,"27":0,"28":0,"29":0,"30":7,"31":0,"32":0,"33":0,"34":7,"35":2,"36":2,"37":0,"38":7,"39":1,"40":1,"41":0,"42":7},"f":{"0":7,"1":7,"2":0,"3":0,"4":1,"5":2,"6":1,"7":0,"8":0,"9":2,"10":1},"b":{}}
,"C:\\Dev\\Training 2\\My revision\\TypescriptRev\\Typescript10 CR\\src\\customer\\customerService.ts": {"path":"C:\\Dev\\Training 2\\My revision\\TypescriptRev\\Typescript10 CR\\src\\customer\\customerService.ts","statementMap":{"0":{"start":{"line":75,"column":0},"end":{"line":75,"column":38}},"1":{"start":{"line":76,"column":0},"end":{"line":76,"column":31}},"2":{"start":{"line":77,"column":0},"end":{"line":77,"column":62}},"3":{"start":{"line":82,"column":37},"end":{"line":85,"column":1}},"4":{"start":{"line":83,"column":4},"end":{"line":83,"column":52}},"5":{"start":{"line":84,"column":4},"end":{"line":84,"column":43}},"6":{"start":{"line":82,"column":13},"end":{"line":82,"column":37}},"7":{"start":{"line":86,"column":41},"end":{"line":91,"column":1}},"8":{"start":{"line":87,"column":4},"end":{"line":90,"column":7}},"9":{"start":{"line":86,"column":13},"end":{"line":86,"column":41}},"10":{"start":{"line":94,"column":35},"end":{"line":98,"column":1}},"11":{"start":{"line":95,"column":4},"end":{"line":97,"column":55}},"12":{"start":{"line":94,"column":13},"end":{"line":94,"column":35}},"13":{"start":{"line":100,"column":45},"end":{"line":111,"column":1}},"14":{"start":{"line":105,"column":4},"end":{"line":110,"column":55}},"15":{"start":{"line":100,"column":13},"end":{"line":100,"column":45}},"16":{"start":{"line":115,"column":36},"end":{"line":130,"column":1}},"17":{"start":{"line":116,"column":22},"end":{"line":116,"column":30}},"18":{"start":{"line":117,"column":4},"end":{"line":129,"column":7}},"19":{"start":{"line":115,"column":13},"end":{"line":115,"column":36}},"20":{"start":{"line":133,"column":34},"end":{"line":136,"column":1}},"21":{"start":{"line":134,"column":21},"end":{"line":134,"column":60}},"22":{"start":{"line":135,"column":4},"end":{"line":135,"column":20}},"23":{"start":{"line":133,"column":13},"end":{"line":133,"column":34}},"24":{"start":{"line":138,"column":38},"end":{"line":143,"column":1}},"25":{"start":{"line":139,"column":21},"end":{"line":141,"column":6}},"26":{"start":{"line":142,"column":4},"end":{"line":142,"column":20}},"27":{"start":{"line":138,"column":13},"end":{"line":138,"column":38}},"28":{"start":{"line":146,"column":39},"end":{"line":160,"column":1}},"29":{"start":{"line":147,"column":4},"end":{"line":159,"column":null}},"30":{"start":{"line":146,"column":13},"end":{"line":146,"column":39}},"31":{"start":{"line":161,"column":58},"end":{"line":178,"column":1}},"32":{"start":{"line":162,"column":4},"end":{"line":177,"column":7}},"33":{"start":{"line":161,"column":13},"end":{"line":161,"column":58}},"34":{"start":{"line":182,"column":37},"end":{"line":192,"column":1}},"35":{"start":{"line":183,"column":28},"end":{"line":186,"column":20}},"36":{"start":{"line":188,"column":4},"end":{"line":190,"column":5}},"37":{"start":{"line":189,"column":8},"end":{"line":189,"column":20}},"38":{"start":{"line":191,"column":4},"end":{"line":191,"column":43}},"39":{"start":{"line":182,"column":13},"end":{"line":182,"column":37}},"40":{"start":{"line":195,"column":37},"end":{"line":204,"column":1}},"41":{"start":{"line":196,"column":28},"end":{"line":198,"column":20}},"42":{"start":{"line":200,"column":4},"end":{"line":202,"column":5}},"43":{"start":{"line":201,"column":8},"end":{"line":201,"column":20}},"44":{"start":{"line":203,"column":4},"end":{"line":203,"column":43}},"45":{"start":{"line":195,"column":13},"end":{"line":195,"column":37}},"46":{"start":{"line":205,"column":50},"end":{"line":222,"column":1}},"47":{"start":{"line":206,"column":4},"end":{"line":221,"column":7}},"48":{"start":{"line":205,"column":13},"end":{"line":205,"column":50}},"49":{"start":{"line":224,"column":62},"end":{"line":242,"column":1}},"50":{"start":{"line":225,"column":4},"end":{"line":241,"column":7}},"51":{"start":{"line":224,"column":13},"end":{"line":224,"column":62}}},"fnMap":{"0":{"name":"(anonymous_1)","decl":{"start":{"line":82,"column":37},"end":{"line":82,"column":42}},"loc":{"start":{"line":82,"column":67},"end":{"line":85,"column":1}}},"1":{"name":"(anonymous_2)","decl":{"start":{"line":86,"column":41},"end":{"line":86,"column":46}},"loc":{"start":{"line":86,"column":65},"end":{"line":91,"column":1}}},"2":{"name":"(anonymous_3)","decl":{"start":{"line":94,"column":35},"end":{"line":94,"column":40}},"loc":{"start":{"line":94,"column":59},"end":{"line":98,"column":1}}},"3":{"name":"(anonymous_4)","decl":{"start":{"line":100,"column":45},"end":{"line":100,"column":50}},"loc":{"start":{"line":104,"column":4},"end":{"line":111,"column":1}}},"4":{"name":"(anonymous_5)","decl":{"start":{"line":115,"column":36},"end":{"line":115,"column":41}},"loc":{"start":{"line":115,"column":65},"end":{"line":130,"column":1}}},"5":{"name":"(anonymous_6)","decl":{"start":{"line":133,"column":34},"end":{"line":133,"column":39}},"loc":{"start":{"line":133,"column":43},"end":{"line":136,"column":1}}},"6":{"name":"(anonymous_7)","decl":{"start":{"line":138,"column":38},"end":{"line":138,"column":43}},"loc":{"start":{"line":138,"column":59},"end":{"line":143,"column":1}}},"7":{"name":"(anonymous_8)","decl":{"start":{"line":146,"column":39},"end":{"line":146,"column":44}},"loc":{"start":{"line":146,"column":60},"end":{"line":160,"column":1}}},"8":{"name":"(anonymous_9)","decl":{"start":{"line":161,"column":58},"end":{"line":161,"column":63}},"loc":{"start":{"line":161,"column":69},"end":{"line":178,"column":1}}},"9":{"name":"(anonymous_10)","decl":{"start":{"line":182,"column":37},"end":{"line":182,"column":42}},"loc":{"start":{"line":182,"column":80},"end":{"line":192,"column":1}}},"10":{"name":"(anonymous_11)","decl":{"start":{"line":195,"column":37},"end":{"line":195,"column":42}},"loc":{"start":{"line":195,"column":58},"end":{"line":204,"column":1}}},"11":{"name":"(anonymous_12)","decl":{"start":{"line":205,"column":50},"end":{"line":205,"column":55}},"loc":{"start":{"line":205,"column":71},"end":{"line":222,"column":1}}},"12":{"name":"(anonymous_13)","decl":{"start":{"line":224,"column":62},"end":{"line":224,"column":67}},"loc":{"start":{"line":224,"column":83},"end":{"line":242,"column":1}}}},"branchMap":{"0":{"loc":{"start":{"line":188,"column":4},"end":{"line":190,"column":5}},"type":"if","locations":[{"start":{"line":188,"column":4},"end":{"line":190,"column":5}},{"start":{},"end":{}}]},"1":{"loc":{"start":{"line":200,"column":4},"end":{"line":202,"column":5}},"type":"if","locations":[{"start":{"line":200,"column":4},"end":{"line":202,"column":5}},{"start":{},"end":{}}]}},"s":{"0":7,"1":7,"2":7,"3":7,"4":7,"5":7,"6":7,"7":7,"8":0,"9":7,"10":7,"11":0,"12":7,"13":7,"14":0,"15":7,"16":7,"17":0,"18":0,"19":7,"20":7,"21":1,"22":1,"23":7,"24":7,"25":0,"26":0,"27":7,"28":7,"29":2,"30":7,"31":7,"32":1,"33":7,"34":7,"35":0,"36":0,"37":0,"38":0,"39":7,"40":7,"41":0,"42":0,"43":0,"44":0,"45":7,"46":7,"47":2,"48":7,"49":7,"50":1,"51":7},"f":{"0":7,"1":0,"2":0,"3":0,"4":0,"5":1,"6":0,"7":2,"8":1,"9":0,"10":0,"11":2,"12":1},"b":{"0":[0,0],"1":[0,0]}}
,"C:\\Dev\\Training 2\\My revision\\TypescriptRev\\Typescript10 CR\\src\\insurance\\insuranceController.ts": {"path":"C:\\Dev\\Training 2\\My revision\\TypescriptRev\\Typescript10 CR\\src\\insurance\\insuranceController.ts","statementMap":{"0":{"start":{"line":2,"column":0},"end":{"line":2,"column":148}},"1":{"start":{"line":5,"column":41},"end":{"line":19,"column":1}},"2":{"start":{"line":6,"column":4},"end":{"line":18,"column":5}},"3":{"start":{"line":7,"column":26},"end":{"line":7,"column":34}},"4":{"start":{"line":8,"column":33},"end":{"line":8,"column":72}},"5":{"start":{"line":9,"column":8},"end":{"line":11,"column":9}},"6":{"start":{"line":10,"column":12},"end":{"line":10,"column":81}},"7":{"start":{"line":12,"column":8},"end":{"line":15,"column":11}},"8":{"start":{"line":17,"column":8},"end":{"line":17,"column":64}},"9":{"start":{"line":5,"column":13},"end":{"line":5,"column":41}},"10":{"start":{"line":21,"column":42},"end":{"line":35,"column":1}},"11":{"start":{"line":22,"column":4},"end":{"line":34,"column":5}},"12":{"start":{"line":23,"column":19},"end":{"line":23,"column":42}},"13":{"start":{"line":24,"column":8},"end":{"line":26,"column":9}},"14":{"start":{"line":25,"column":12},"end":{"line":25,"column":77}},"15":{"start":{"line":27,"column":26},"end":{"line":27,"column":59}},"16":{"start":{"line":28,"column":8},"end":{"line":30,"column":9}},"17":{"start":{"line":29,"column":12},"end":{"line":29,"column":76}},"18":{"start":{"line":31,"column":8},"end":{"line":31,"column":96}},"19":{"start":{"line":33,"column":8},"end":{"line":33,"column":96}},"20":{"start":{"line":21,"column":13},"end":{"line":21,"column":42}},"21":{"start":{"line":37,"column":38},"end":{"line":47,"column":1}},"22":{"start":{"line":38,"column":4},"end":{"line":46,"column":5}},"23":{"start":{"line":39,"column":27},"end":{"line":39,"column":54}},"24":{"start":{"line":40,"column":8},"end":{"line":42,"column":9}},"25":{"start":{"line":41,"column":12},"end":{"line":41,"column":76}},"26":{"start":{"line":43,"column":8},"end":{"line":43,"column":98}},"27":{"start":{"line":45,"column":8},"end":{"line":45,"column":96}},"28":{"start":{"line":37,"column":13},"end":{"line":37,"column":38}},"29":{"start":{"line":49,"column":41},"end":{"line":68,"column":1}},"30":{"start":{"line":50,"column":4},"end":{"line":67,"column":5}},"31":{"start":{"line":51,"column":19},"end":{"line":51,"column":42}},"32":{"start":{"line":52,"column":8},"end":{"line":54,"column":9}},"33":{"start":{"line":53,"column":12},"end":{"line":53,"column":77}},"34":{"start":{"line":55,"column":26},"end":{"line":55,"column":34}},"35":{"start":{"line":56,"column":34},"end":{"line":56,"column":67}},"36":{"start":{"line":57,"column":8},"end":{"line":59,"column":9}},"37":{"start":{"line":58,"column":12},"end":{"line":58,"column":76}},"38":{"start":{"line":60,"column":33},"end":{"line":60,"column":76}},"39":{"start":{"line":61,"column":8},"end":{"line":63,"column":9}},"40":{"start":{"line":62,"column":12},"end":{"line":62,"column":78}},"41":{"start":{"line":64,"column":8},"end":{"line":64,"column":101}},"42":{"start":{"line":66,"column":8},"end":{"line":66,"column":96}},"43":{"start":{"line":49,"column":13},"end":{"line":49,"column":41}},"44":{"start":{"line":70,"column":41},"end":{"line":88,"column":1}},"45":{"start":{"line":71,"column":4},"end":{"line":87,"column":5}},"46":{"start":{"line":72,"column":19},"end":{"line":72,"column":42}},"47":{"start":{"line":73,"column":8},"end":{"line":75,"column":9}},"48":{"start":{"line":74,"column":12},"end":{"line":74,"column":77}},"49":{"start":{"line":76,"column":34},"end":{"line":76,"column":67}},"50":{"start":{"line":77,"column":8},"end":{"line":79,"column":9}},"51":{"start":{"line":78,"column":12},"end":{"line":78,"column":76}},"52":{"start":{"line":80,"column":33},"end":{"line":80,"column":65}},"53":{"start":{"line":81,"column":8},"end":{"line":83,"column":9}},"54":{"start":{"line":82,"column":12},"end":{"line":82,"column":78}},"55":{"start":{"line":84,"column":8},"end":{"line":84,"column":83}},"56":{"start":{"line":86,"column":8},"end":{"line":86,"column":96}},"57":{"start":{"line":70,"column":13},"end":{"line":70,"column":41}}},"fnMap":{"0":{"name":"(anonymous_0)","decl":{"start":{"line":5,"column":41},"end":{"line":5,"column":46}},"loc":{"start":{"line":5,"column":79},"end":{"line":19,"column":1}}},"1":{"name":"(anonymous_1)","decl":{"start":{"line":21,"column":42},"end":{"line":21,"column":47}},"loc":{"start":{"line":21,"column":80},"end":{"line":35,"column":1}}},"2":{"name":"(anonymous_2)","decl":{"start":{"line":37,"column":38},"end":{"line":37,"column":43}},"loc":{"start":{"line":37,"column":76},"end":{"line":47,"column":1}}},"3":{"name":"(anonymous_3)","decl":{"start":{"line":49,"column":41},"end":{"line":49,"column":46}},"loc":{"start":{"line":49,"column":79},"end":{"line":68,"column":1}}},"4":{"name":"(anonymous_4)","decl":{"start":{"line":70,"column":41},"end":{"line":70,"column":46}},"loc":{"start":{"line":70,"column":79},"end":{"line":88,"column":1}}}},"branchMap":{"0":{"loc":{"start":{"line":9,"column":8},"end":{"line":11,"column":9}},"type":"if","locations":[{"start":{"line":9,"column":8},"end":{"line":11,"column":9}},{"start":{},"end":{}}]},"1":{"loc":{"start":{"line":24,"column":8},"end":{"line":26,"column":9}},"type":"if","locations":[{"start":{"line":24,"column":8},"end":{"line":26,"column":9}},{"start":{},"end":{}}]},"2":{"loc":{"start":{"line":28,"column":8},"end":{"line":30,"column":9}},"type":"if","locations":[{"start":{"line":28,"column":8},"end":{"line":30,"column":9}},{"start":{},"end":{}}]},"3":{"loc":{"start":{"line":40,"column":8},"end":{"line":42,"column":9}},"type":"if","locations":[{"start":{"line":40,"column":8},"end":{"line":42,"column":9}},{"start":{},"end":{}}]},"4":{"loc":{"start":{"line":40,"column":12},"end":{"line":40,"column":50}},"type":"binary-expr","locations":[{"start":{"line":40,"column":12},"end":{"line":40,"column":23}},{"start":{"line":40,"column":27},"end":{"line":40,"column":50}}]},"5":{"loc":{"start":{"line":52,"column":8},"end":{"line":54,"column":9}},"type":"if","locations":[{"start":{"line":52,"column":8},"end":{"line":54,"column":9}},{"start":{},"end":{}}]},"6":{"loc":{"start":{"line":57,"column":8},"end":{"line":59,"column":9}},"type":"if","locations":[{"start":{"line":57,"column":8},"end":{"line":59,"column":9}},{"start":{},"end":{}}]},"7":{"loc":{"start":{"line":61,"column":8},"end":{"line":63,"column":9}},"type":"if","locations":[{"start":{"line":61,"column":8},"end":{"line":63,"column":9}},{"start":{},"end":{}}]},"8":{"loc":{"start":{"line":73,"column":8},"end":{"line":75,"column":9}},"type":"if","locations":[{"start":{"line":73,"column":8},"end":{"line":75,"column":9}},{"start":{},"end":{}}]},"9":{"loc":{"start":{"line":77,"column":8},"end":{"line":79,"column":9}},"type":"if","locations":[{"start":{"line":77,"column":8},"end":{"line":79,"column":9}},{"start":{},"end":{}}]},"10":{"loc":{"start":{"line":81,"column":8},"end":{"line":83,"column":9}},"type":"if","locations":[{"start":{"line":81,"column":8},"end":{"line":83,"column":9}},{"start":{},"end":{}}]}},"s":{"0":7,"1":7,"2":3,"3":3,"4":3,"5":1,"6":0,"7":1,"8":2,"9":7,"10":7,"11":3,"12":3,"13":3,"14":1,"15":2,"16":2,"17":1,"18":1,"19":0,"20":7,"21":7,"22":2,"23":2,"24":2,"25":1,"26":1,"27":0,"28":7,"29":7,"30":2,"31":2,"32":2,"33":0,"34":2,"35":2,"36":2,"37":1,"38":1,"39":1,"40":0,"41":1,"42":0,"43":7,"44":7,"45":4,"46":4,"47":4,"48":1,"49":3,"50":3,"51":1,"52":2,"53":1,"54":0,"55":1,"56":1,"57":7},"f":{"0":3,"1":3,"2":2,"3":2,"4":4},"b":{"0":[0,1],"1":[1,2],"2":[1,1],"3":[1,1],"4":[2,2],"5":[0,2],"6":[1,1],"7":[0,1],"8":[1,3],"9":[1,2],"10":[0,1]}}
,"C:\\Dev\\Training 2\\My revision\\TypescriptRev\\Typescript10 CR\\src\\insurance\\insuranceRouter.ts": {"path":"C:\\Dev\\Training 2\\My revision\\TypescriptRev\\Typescript10 CR\\src\\insurance\\insuranceRouter.ts","statementMap":{"0":{"start":{"line":2,"column":0},"end":{"line":2,"column":172}},"1":{"start":{"line":5,"column":18},"end":{"line":49,"column":1}},"2":{"start":{"line":6,"column":4},"end":{"line":12,"column":7}},"3":{"start":{"line":7,"column":8},"end":{"line":11,"column":9}},"4":{"start":{"line":8,"column":12},"end":{"line":8,"column":54}},"5":{"start":{"line":10,"column":12},"end":{"line":10,"column":24}},"6":{"start":{"line":15,"column":4},"end":{"line":21,"column":7}},"7":{"start":{"line":16,"column":8},"end":{"line":20,"column":9}},"8":{"start":{"line":17,"column":12},"end":{"line":17,"column":51}},"9":{"start":{"line":19,"column":12},"end":{"line":19,"column":24}},"10":{"start":{"line":24,"column":4},"end":{"line":30,"column":7}},"11":{"start":{"line":25,"column":8},"end":{"line":29,"column":9}},"12":{"start":{"line":26,"column":12},"end":{"line":26,"column":55}},"13":{"start":{"line":28,"column":12},"end":{"line":28,"column":24}},"14":{"start":{"line":33,"column":4},"end":{"line":39,"column":7}},"15":{"start":{"line":34,"column":8},"end":{"line":38,"column":9}},"16":{"start":{"line":35,"column":12},"end":{"line":35,"column":54}},"17":{"start":{"line":37,"column":12},"end":{"line":37,"column":24}},"18":{"start":{"line":42,"column":4},"end":{"line":48,"column":7}},"19":{"start":{"line":43,"column":8},"end":{"line":47,"column":9}},"20":{"start":{"line":44,"column":12},"end":{"line":44,"column":54}},"21":{"start":{"line":46,"column":12},"end":{"line":46,"column":24}},"22":{"start":{"line":50,"column":0},"end":{"line":50,"column":25}}},"fnMap":{"0":{"name":"(anonymous_0)","decl":{"start":{"line":5,"column":18},"end":{"line":5,"column":19}},"loc":{"start":{"line":5,"column":35},"end":{"line":49,"column":1}}},"1":{"name":"(anonymous_1)","decl":{"start":{"line":6,"column":33},"end":{"line":6,"column":38}},"loc":{"start":{"line":6,"column":58},"end":{"line":12,"column":5}}},"2":{"name":"(anonymous_2)","decl":{"start":{"line":15,"column":32},"end":{"line":15,"column":37}},"loc":{"start":{"line":15,"column":57},"end":{"line":21,"column":5}}},"3":{"name":"(anonymous_3)","decl":{"start":{"line":24,"column":36},"end":{"line":24,"column":41}},"loc":{"start":{"line":24,"column":61},"end":{"line":30,"column":5}}},"4":{"name":"(anonymous_4)","decl":{"start":{"line":33,"column":36},"end":{"line":33,"column":41}},"loc":{"start":{"line":33,"column":61},"end":{"line":39,"column":5}}},"5":{"name":"(anonymous_5)","decl":{"start":{"line":42,"column":39},"end":{"line":42,"column":44}},"loc":{"start":{"line":42,"column":64},"end":{"line":48,"column":5}}}},"branchMap":{},"s":{"0":7,"1":7,"2":7,"3":3,"4":3,"5":0,"6":7,"7":2,"8":2,"9":0,"10":7,"11":3,"12":3,"13":0,"14":7,"15":2,"16":2,"17":0,"18":7,"19":4,"20":4,"21":0,"22":7},"f":{"0":7,"1":3,"2":2,"3":3,"4":2,"5":4},"b":{}}
,"C:\\Dev\\Training 2\\My revision\\TypescriptRev\\Typescript10 CR\\src\\insurance\\insuranceService.ts": {"path":"C:\\Dev\\Training 2\\My revision\\TypescriptRev\\Typescript10 CR\\src\\insurance\\insuranceService.ts","statementMap":{"0":{"start":{"line":1,"column":0},"end":{"line":1,"column":33}},"1":{"start":{"line":2,"column":0},"end":{"line":2,"column":31}},"2":{"start":{"line":3,"column":0},"end":{"line":3,"column":64}},"3":{"start":{"line":7,"column":37},"end":{"line":13,"column":1}},"4":{"start":{"line":8,"column":22},"end":{"line":8,"column":83}},"5":{"start":{"line":9,"column":4},"end":{"line":11,"column":5}},"6":{"start":{"line":10,"column":8},"end":{"line":10,"column":24}},"7":{"start":{"line":12,"column":4},"end":{"line":12,"column":16}},"8":{"start":{"line":7,"column":13},"end":{"line":7,"column":37}},"9":{"start":{"line":15,"column":39},"end":{"line":20,"column":1}},"10":{"start":{"line":16,"column":23},"end":{"line":18,"column":6}},"11":{"start":{"line":19,"column":4},"end":{"line":19,"column":22}},"12":{"start":{"line":15,"column":13},"end":{"line":15,"column":39}},"13":{"start":{"line":22,"column":35},"end":{"line":25,"column":1}},"14":{"start":{"line":23,"column":23},"end":{"line":23,"column":63}},"15":{"start":{"line":24,"column":4},"end":{"line":24,"column":21}},"16":{"start":{"line":22,"column":13},"end":{"line":22,"column":35}},"17":{"start":{"line":27,"column":38},"end":{"line":37,"column":1}},"18":{"start":{"line":28,"column":30},"end":{"line":31,"column":20}},"19":{"start":{"line":33,"column":4},"end":{"line":35,"column":5}},"20":{"start":{"line":34,"column":8},"end":{"line":34,"column":20}},"21":{"start":{"line":36,"column":4},"end":{"line":36,"column":44}},"22":{"start":{"line":27,"column":13},"end":{"line":27,"column":38}},"23":{"start":{"line":39,"column":38},"end":{"line":48,"column":1}},"24":{"start":{"line":40,"column":29},"end":{"line":42,"column":20}},"25":{"start":{"line":44,"column":4},"end":{"line":46,"column":5}},"26":{"start":{"line":45,"column":8},"end":{"line":45,"column":20}},"27":{"start":{"line":47,"column":4},"end":{"line":47,"column":44}},"28":{"start":{"line":39,"column":13},"end":{"line":39,"column":38}}},"fnMap":{"0":{"name":"(anonymous_1)","decl":{"start":{"line":7,"column":37},"end":{"line":7,"column":42}},"loc":{"start":{"line":7,"column":68},"end":{"line":13,"column":1}}},"1":{"name":"(anonymous_2)","decl":{"start":{"line":15,"column":39},"end":{"line":15,"column":44}},"loc":{"start":{"line":15,"column":60},"end":{"line":20,"column":1}}},"2":{"name":"(anonymous_3)","decl":{"start":{"line":22,"column":35},"end":{"line":22,"column":40}},"loc":{"start":{"line":22,"column":46},"end":{"line":25,"column":1}}},"3":{"name":"(anonymous_4)","decl":{"start":{"line":27,"column":38},"end":{"line":27,"column":43}},"loc":{"start":{"line":27,"column":82},"end":{"line":37,"column":1}}},"4":{"name":"(anonymous_5)","decl":{"start":{"line":39,"column":38},"end":{"line":39,"column":43}},"loc":{"start":{"line":39,"column":59},"end":{"line":48,"column":1}}}},"branchMap":{"0":{"loc":{"start":{"line":9,"column":4},"end":{"line":11,"column":5}},"type":"if","locations":[{"start":{"line":9,"column":4},"end":{"line":11,"column":5}},{"start":{},"end":{}}]},"1":{"loc":{"start":{"line":33,"column":4},"end":{"line":35,"column":5}},"type":"if","locations":[{"start":{"line":33,"column":4},"end":{"line":35,"column":5}},{"start":{},"end":{}}]},"2":{"loc":{"start":{"line":44,"column":4},"end":{"line":46,"column":5}},"type":"if","locations":[{"start":{"line":44,"column":4},"end":{"line":46,"column":5}},{"start":{},"end":{}}]}},"s":{"0":7,"1":7,"2":7,"3":7,"4":2,"5":1,"6":1,"7":0,"8":7,"9":7,"10":7,"11":7,"12":7,"13":7,"14":2,"15":2,"16":7,"17":7,"18":1,"19":1,"20":0,"21":1,"22":7,"23":7,"24":1,"25":1,"26":0,"27":1,"28":7},"f":{"0":2,"1":7,"2":2,"3":1,"4":1},"b":{"0":[1,0],"1":[0,1],"2":[0,1]}}
,"C:\\Dev\\Training 2\\My revision\\TypescriptRev\\Typescript10 CR\\src\\location\\locationController.ts": {"path":"C:\\Dev\\Training 2\\My revision\\TypescriptRev\\Typescript10 CR\\src\\location\\locationController.ts","statementMap":{"0":{"start":{"line":101,"column":0},"end":{"line":101,"column":null}},"1":{"start":{"line":110,"column":40},"end":{"line":139,"column":1}},"2":{"start":{"line":111,"column":4},"end":{"line":138,"column":5}},"3":{"start":{"line":112,"column":57},"end":{"line":112,"column":65}},"4":{"start":{"line":115,"column":8},"end":{"line":119,"column":9}},"5":{"start":{"line":116,"column":12},"end":{"line":118,"column":15}},"6":{"start":{"line":121,"column":31},"end":{"line":125,"column":10}},"7":{"start":{"line":127,"column":8},"end":{"line":129,"column":9}},"8":{"start":{"line":128,"column":12},"end":{"line":128,"column":80}},"9":{"start":{"line":131,"column":8},"end":{"line":133,"column":11}},"10":{"start":{"line":135,"column":8},"end":{"line":137,"column":11}},"11":{"start":{"line":110,"column":13},"end":{"line":110,"column":40}},"12":{"start":{"line":142,"column":38},"end":{"line":158,"column":1}},"13":{"start":{"line":143,"column":4},"end":{"line":157,"column":5}},"14":{"start":{"line":144,"column":26},"end":{"line":144,"column":53}},"15":{"start":{"line":145,"column":8},"end":{"line":147,"column":9}},"16":{"start":{"line":146,"column":12},"end":{"line":146,"column":75}},"17":{"start":{"line":148,"column":8},"end":{"line":151,"column":11}},"18":{"start":{"line":153,"column":8},"end":{"line":156,"column":11}},"19":{"start":{"line":142,"column":13},"end":{"line":142,"column":38}},"20":{"start":{"line":161,"column":41},"end":{"line":183,"column":1}},"21":{"start":{"line":162,"column":4},"end":{"line":182,"column":5}},"22":{"start":{"line":163,"column":19},"end":{"line":163,"column":42}},"23":{"start":{"line":164,"column":8},"end":{"line":166,"column":9}},"24":{"start":{"line":165,"column":12},"end":{"line":165,"column":76}},"25":{"start":{"line":168,"column":25},"end":{"line":168,"column":57}},"26":{"start":{"line":169,"column":8},"end":{"line":171,"column":9}},"27":{"start":{"line":170,"column":12},"end":{"line":170,"column":75}},"28":{"start":{"line":173,"column":8},"end":{"line":176,"column":11}},"29":{"start":{"line":178,"column":8},"end":{"line":181,"column":11}},"30":{"start":{"line":161,"column":13},"end":{"line":161,"column":41}},"31":{"start":{"line":186,"column":40},"end":{"line":214,"column":1}},"32":{"start":{"line":187,"column":4},"end":{"line":213,"column":5}},"33":{"start":{"line":188,"column":19},"end":{"line":188,"column":42}},"34":{"start":{"line":189,"column":8},"end":{"line":191,"column":9}},"35":{"start":{"line":190,"column":12},"end":{"line":190,"column":76}},"36":{"start":{"line":193,"column":25},"end":{"line":193,"column":33}},"37":{"start":{"line":194,"column":33},"end":{"line":194,"column":65}},"38":{"start":{"line":195,"column":8},"end":{"line":197,"column":9}},"39":{"start":{"line":196,"column":12},"end":{"line":196,"column":75}},"40":{"start":{"line":199,"column":32},"end":{"line":199,"column":73}},"41":{"start":{"line":200,"column":8},"end":{"line":202,"column":9}},"42":{"start":{"line":201,"column":12},"end":{"line":201,"column":77}},"43":{"start":{"line":204,"column":8},"end":{"line":207,"column":11}},"44":{"start":{"line":209,"column":8},"end":{"line":212,"column":11}},"45":{"start":{"line":186,"column":13},"end":{"line":186,"column":40}},"46":{"start":{"line":217,"column":40},"end":{"line":243,"column":1}},"47":{"start":{"line":218,"column":4},"end":{"line":242,"column":5}},"48":{"start":{"line":219,"column":19},"end":{"line":219,"column":42}},"49":{"start":{"line":220,"column":8},"end":{"line":222,"column":9}},"50":{"start":{"line":221,"column":12},"end":{"line":221,"column":76}},"51":{"start":{"line":224,"column":33},"end":{"line":224,"column":65}},"52":{"start":{"line":225,"column":8},"end":{"line":227,"column":9}},"53":{"start":{"line":226,"column":12},"end":{"line":226,"column":75}},"54":{"start":{"line":229,"column":32},"end":{"line":229,"column":63}},"55":{"start":{"line":230,"column":8},"end":{"line":232,"column":9}},"56":{"start":{"line":231,"column":12},"end":{"line":231,"column":77}},"57":{"start":{"line":234,"column":8},"end":{"line":236,"column":11}},"58":{"start":{"line":238,"column":8},"end":{"line":241,"column":11}},"59":{"start":{"line":217,"column":13},"end":{"line":217,"column":40}}},"fnMap":{"0":{"name":"(anonymous_0)","decl":{"start":{"line":110,"column":40},"end":{"line":110,"column":45}},"loc":{"start":{"line":110,"column":78},"end":{"line":139,"column":1}}},"1":{"name":"(anonymous_1)","decl":{"start":{"line":142,"column":38},"end":{"line":142,"column":43}},"loc":{"start":{"line":142,"column":76},"end":{"line":158,"column":1}}},"2":{"name":"(anonymous_2)","decl":{"start":{"line":161,"column":41},"end":{"line":161,"column":46}},"loc":{"start":{"line":161,"column":79},"end":{"line":183,"column":1}}},"3":{"name":"(anonymous_3)","decl":{"start":{"line":186,"column":40},"end":{"line":186,"column":45}},"loc":{"start":{"line":186,"column":78},"end":{"line":214,"column":1}}},"4":{"name":"(anonymous_4)","decl":{"start":{"line":217,"column":40},"end":{"line":217,"column":45}},"loc":{"start":{"line":217,"column":78},"end":{"line":243,"column":1}}}},"branchMap":{"0":{"loc":{"start":{"line":115,"column":8},"end":{"line":119,"column":9}},"type":"if","locations":[{"start":{"line":115,"column":8},"end":{"line":119,"column":9}},{"start":{},"end":{}}]},"1":{"loc":{"start":{"line":115,"column":12},"end":{"line":115,"column":55}},"type":"binary-expr","locations":[{"start":{"line":115,"column":12},"end":{"line":115,"column":25}},{"start":{"line":115,"column":29},"end":{"line":115,"column":37}},{"start":{"line":115,"column":41},"end":{"line":115,"column":55}}]},"2":{"loc":{"start":{"line":127,"column":8},"end":{"line":129,"column":9}},"type":"if","locations":[{"start":{"line":127,"column":8},"end":{"line":129,"column":9}},{"start":{},"end":{}}]},"3":{"loc":{"start":{"line":145,"column":8},"end":{"line":147,"column":9}},"type":"if","locations":[{"start":{"line":145,"column":8},"end":{"line":147,"column":9}},{"start":{},"end":{}}]},"4":{"loc":{"start":{"line":145,"column":12},"end":{"line":145,"column":48}},"type":"binary-expr","locations":[{"start":{"line":145,"column":12},"end":{"line":145,"column":22}},{"start":{"line":145,"column":26},"end":{"line":145,"column":48}}]},"5":{"loc":{"start":{"line":164,"column":8},"end":{"line":166,"column":9}},"type":"if","locations":[{"start":{"line":164,"column":8},"end":{"line":166,"column":9}},{"start":{},"end":{}}]},"6":{"loc":{"start":{"line":169,"column":8},"end":{"line":171,"column":9}},"type":"if","locations":[{"start":{"line":169,"column":8},"end":{"line":171,"column":9}},{"start":{},"end":{}}]},"7":{"loc":{"start":{"line":189,"column":8},"end":{"line":191,"column":9}},"type":"if","locations":[{"start":{"line":189,"column":8},"end":{"line":191,"column":9}},{"start":{},"end":{}}]},"8":{"loc":{"start":{"line":195,"column":8},"end":{"line":197,"column":9}},"type":"if","locations":[{"start":{"line":195,"column":8},"end":{"line":197,"column":9}},{"start":{},"end":{}}]},"9":{"loc":{"start":{"line":200,"column":8},"end":{"line":202,"column":9}},"type":"if","locations":[{"start":{"line":200,"column":8},"end":{"line":202,"column":9}},{"start":{},"end":{}}]},"10":{"loc":{"start":{"line":220,"column":8},"end":{"line":222,"column":9}},"type":"if","locations":[{"start":{"line":220,"column":8},"end":{"line":222,"column":9}},{"start":{},"end":{}}]},"11":{"loc":{"start":{"line":225,"column":8},"end":{"line":227,"column":9}},"type":"if","locations":[{"start":{"line":225,"column":8},"end":{"line":227,"column":9}},{"start":{},"end":{}}]},"12":{"loc":{"start":{"line":230,"column":8},"end":{"line":232,"column":9}},"type":"if","locations":[{"start":{"line":230,"column":8},"end":{"line":232,"column":9}},{"start":{},"end":{}}]}},"s":{"0":7,"1":7,"2":3,"3":3,"4":3,"5":1,"6":2,"7":1,"8":0,"9":1,"10":1,"11":7,"12":7,"13":3,"14":3,"15":2,"16":1,"17":1,"18":1,"19":7,"20":7,"21":4,"22":4,"23":4,"24":1,"25":3,"26":2,"27":1,"28":1,"29":1,"30":7,"31":7,"32":4,"33":4,"34":4,"35":1,"36":3,"37":3,"38":3,"39":1,"40":2,"41":1,"42":0,"43":1,"44":1,"45":7,"46":7,"47":4,"48":4,"49":4,"50":1,"51":3,"52":3,"53":1,"54":2,"55":1,"56":0,"57":1,"58":1,"59":7},"f":{"0":3,"1":3,"2":4,"3":4,"4":4},"b":{"0":[1,2],"1":[3,2,2],"2":[0,1],"3":[1,1],"4":[2,2],"5":[1,3],"6":[1,1],"7":[1,3],"8":[1,2],"9":[0,1],"10":[1,3],"11":[1,2],"12":[0,1]}}
,"C:\\Dev\\Training 2\\My revision\\TypescriptRev\\Typescript10 CR\\src\\location\\locationRouter.ts": {"path":"C:\\Dev\\Training 2\\My revision\\TypescriptRev\\Typescript10 CR\\src\\location\\locationRouter.ts","statementMap":{"0":{"start":{"line":2,"column":0},"end":{"line":2,"column":161}},"1":{"start":{"line":5,"column":17},"end":{"line":51,"column":1}},"2":{"start":{"line":6,"column":4},"end":{"line":12,"column":7}},"3":{"start":{"line":7,"column":8},"end":{"line":11,"column":9}},"4":{"start":{"line":8,"column":12},"end":{"line":8,"column":53}},"5":{"start":{"line":10,"column":12},"end":{"line":10,"column":24}},"6":{"start":{"line":15,"column":4},"end":{"line":22,"column":6}},"7":{"start":{"line":16,"column":8},"end":{"line":20,"column":9}},"8":{"start":{"line":17,"column":12},"end":{"line":17,"column":51}},"9":{"start":{"line":19,"column":12},"end":{"line":19,"column":24}},"10":{"start":{"line":25,"column":4},"end":{"line":32,"column":6}},"11":{"start":{"line":26,"column":8},"end":{"line":30,"column":9}},"12":{"start":{"line":27,"column":12},"end":{"line":27,"column":54}},"13":{"start":{"line":29,"column":12},"end":{"line":29,"column":24}},"14":{"start":{"line":34,"column":4},"end":{"line":41,"column":6}},"15":{"start":{"line":35,"column":8},"end":{"line":39,"column":9}},"16":{"start":{"line":36,"column":12},"end":{"line":36,"column":53}},"17":{"start":{"line":38,"column":12},"end":{"line":38,"column":24}},"18":{"start":{"line":43,"column":4},"end":{"line":50,"column":6}},"19":{"start":{"line":44,"column":8},"end":{"line":48,"column":9}},"20":{"start":{"line":45,"column":12},"end":{"line":45,"column":53}},"21":{"start":{"line":47,"column":12},"end":{"line":47,"column":24}},"22":{"start":{"line":52,"column":0},"end":{"line":52,"column":24}}},"fnMap":{"0":{"name":"(anonymous_0)","decl":{"start":{"line":5,"column":17},"end":{"line":5,"column":18}},"loc":{"start":{"line":5,"column":34},"end":{"line":51,"column":1}}},"1":{"name":"(anonymous_1)","decl":{"start":{"line":6,"column":32},"end":{"line":6,"column":37}},"loc":{"start":{"line":6,"column":57},"end":{"line":12,"column":5}}},"2":{"name":"(anonymous_2)","decl":{"start":{"line":15,"column":31},"end":{"line":15,"column":36}},"loc":{"start":{"line":15,"column":56},"end":{"line":21,"column":5}}},"3":{"name":"(anonymous_3)","decl":{"start":{"line":25,"column":35},"end":{"line":25,"column":40}},"loc":{"start":{"line":25,"column":60},"end":{"line":31,"column"
[...]
end":{"line":12,"column":7}},"3":{"start":{"line":7,"column":8},"end":{"line":11,"column":9}},"4":{"start":{"line":8,"column":12},"end":{"line":8,"column":52}},"5":{"start":{"line":10,"column":12},"end":{"line":10,"column":24}},"6":{"start":{"line":15,"column":4},"end":{"line":21,"column":7}},"7":{"start":{"line":16,"column":8},"end":{"line":20,"column":9}},"8":{"start":{"line":17,"column":12},"end":{"line":17,"column":50}},"9":{"start":{"line":19,"column":12},"end":{"line":19,"column":24}},"10":{"start":{"line":23,"column":4},"end":{"line":29,"column":7}},"11":{"start":{"line":24,"column":8},"end":{"line":28,"column":9}},"12":{"start":{"line":25,"column":12},"end":{"line":25,"column":53}},"13":{"start":{"line":27,"column":12},"end":{"line":27,"column":24}},"14":{"start":{"line":31,"column":4},"end":{"line":37,"column":7}},"15":{"start":{"line":32,"column":8},"end":{"line":36,"column":9}},"16":{"start":{"line":33,"column":12},"end":{"line":33,"column":52}},"17":{"start":{"line":35,"column":12},"end":{"line":35,"column":24}},"18":{"start":{"line":39,"column":4},"end":{"line":45,"column":7}},"19":{"start":{"line":40,"column":8},"end":{"line":44,"column":9}},"20":{"start":{"line":41,"column":12},"end":{"line":41,"column":52}},"21":{"start":{"line":43,"column":12},"end":{"line":43,"column":24}},"22":{"start":{"line":47,"column":0},"end":{"line":47,"column":23}}},"fnMap":{"0":{"name":"(anonymous_0)","decl":{"start":{"line":5,"column":16},"end":{"line":5,"column":17}},"loc":{"start":{"line":5,"column":33},"end":{"line":46,"column":1}}},"1":{"name":"(anonymous_1)","decl":{"start":{"line":6,"column":31},"end":{"line":6,"column":36}},"loc":{"start":{"line":6,"column":56},"end":{"line":12,"column":5}}},"2":{"name":"(anonymous_2)","decl":{"start":{"line":15,"column":30},"end":{"line":15,"column":35}},"loc":{"start":{"line":15,"column":55},"end":{"line":21,"column":5}}},"3":{"name":"(anonymous_3)","decl":{"start":{"line":23,"column":34},"end":{"line":23,"column":39}},"loc":{"start":{"line":23,"column":59},"end":{"line":29,"column":5}}},"4":{"name":"(anonymous_4)","decl":{"start":{"line":31,"column":34},"end":{"line":31,"column":39}},"loc":{"start":{"line":31,"column":59},"end":{"line":37,"column":5}}},"5":{"name":"(anonymous_5)","decl":{"start":{"line":39,"column":37},"end":{"line":39,"column":42}},"loc":{"start":{"line":39,"column":62},"end":{"line":45,"column":5}}}},"branchMap":{},"s":{"0":7,"1":7,"2":7,"3":1,"4":1,"5":0,"6":7,"7":2,"8":2,"9":0,"10":7,"11":3,"12":3,"13":0,"14":7,"15":3,"16":3,"17":0,"18":7,"19":3,"20":3,"21":0,"22":7},"f":{"0":7,"1":1,"2":2,"3":3,"4":3,"5":3},"b":{}}
,"C:\\Dev\\Training 2\\My revision\\TypescriptRev\\Typescript10 CR\\src\\payment\\paymentService.ts": {"path":"C:\\Dev\\Training 2\\My revision\\TypescriptRev\\Typescript10 CR\\src\\payment\\paymentService.ts","statementMap":{"0":{"start":{"line":1,"column":0},"end":{"line":1,"column":33}},"1":{"start":{"line":2,"column":0},"end":{"line":2,"column":31}},"2":{"start":{"line":3,"column":0},"end":{"line":3,"column":60}},"3":{"start":{"line":6,"column":36},"end":{"line":9,"column":1}},"4":{"start":{"line":7,"column":29},"end":{"line":7,"column":86}},"5":{"start":{"line":8,"column":4},"end":{"line":8,"column":26}},"6":{"start":{"line":6,"column":13},"end":{"line":6,"column":36}},"7":{"start":{"line":12,"column":34},"end":{"line":14,"column":1}},"8":{"start":{"line":13,"column":4},"end":{"line":13,"column":50}},"9":{"start":{"line":12,"column":13},"end":{"line":12,"column":34}},"10":{"start":{"line":17,"column":37},"end":{"line":21,"column":1}},"11":{"start":{"line":18,"column":4},"end":{"line":20,"column":7}},"12":{"start":{"line":17,"column":13},"end":{"line":17,"column":37}},"13":{"start":{"line":24,"column":36},"end":{"line":36,"column":1}},"14":{"start":{"line":25,"column":27},"end":{"line":29,"column":20}},"15":{"start":{"line":31,"column":4},"end":{"line":33,"column":5}},"16":{"start":{"line":32,"column":8},"end":{"line":32,"column":20}},"17":{"start":{"line":35,"column":4},"end":{"line":35,"column":29}},"18":{"start":{"line":24,"column":13},"end":{"line":24,"column":36}},"19":{"start":{"line":39,"column":36},"end":{"line":50,"column":1}},"20":{"start":{"line":40,"column":27},"end":{"line":43,"column":20}},"21":{"start":{"line":45,"column":4},"end":{"line":47,"column":5}},"22":{"start":{"line":46,"column":8},"end":{"line":46,"column":20}},"23":{"start":{"line":49,"column":4},"end":{"line":49,"column":29}},"24":{"start":{"line":39,"column":13},"end":{"line":39,"column":36}}},"fnMap":{"0":{"name":"(anonymous_1)","decl":{"start":{"line":6,"column":36},"end":{"line":6,"column":41}},"loc":{"start":{"line":6,"column":65},"end":{"line":9,"column":1}}},"1":{"name":"(anonymous_2)","decl":{"start":{"line":12,"column":34},"end":{"line":12,"column":39}},"loc":{"start":{"line":12,"column":45},"end":{"line":14,"column":1}}},"2":{"name":"(anonymous_3)","decl":{"start":{"line":17,"column":37},"end":{"line":17,"column":42}},"loc":{"start":{"line":17,"column":58},"end":{"line":21,"column":1}}},"3":{"name":"(anonymous_4)","decl":{"start":{"line":24,"column":36},"end":{"line":24,"column":41}},"loc":{"start":{"line":24,"column":77},"end":{"line":36,"column":1}}},"4":{"name":"(anonymous_5)","decl":{"start":{"line":39,"column":36},"end":{"line":39,"column":41}},"loc":{"start":{"line":39,"column":57},"end":{"line":50,"column":1}}}},"branchMap":{"0":{"loc":{"start":{"line":31,"column":4},"end":{"line":33,"column":5}},"type":"if","locations":[{"start":{"line":31,"column":4},"end":{"line":33,"column":5}},{"start":{},"end":{}}]},"1":{"loc":{"start":{"line":45,"column":4},"end":{"line":47,"column":5}},"type":"if","locations":[{"start":{"line":45,"column":4},"end":{"line":47,"column":5}},{"start":{},"end":{}}]}},"s":{"0":7,"1":7,"2":7,"3":7,"4":1,"5":0,"6":7,"7":7,"8":2,"9":7,"10":7,"11":6,"12":7,"13":7,"14":1,"15":1,"16":0,"17":1,"18":7,"19":7,"20":1,"21":1,"22":0,"23":1,"24":7},"f":{"0":1,"1":2,"2":6,"3":1,"4":1},"b":{"0":[0,1],"1":[0,1]}}
,"C:\\Dev\\Training 2\\My revision\\TypescriptRev\\Typescript10 CR\\src\\reservation\\reservationController.ts": {"path":"C:\\Dev\\Training 2\\My revision\\TypescriptRev\\Typescript10 CR\\src\\reservation\\reservationController.ts","statementMap":{"0":{"start":{"line":67,"column":0},"end":{"line":67,"column":null}},"1":{"start":{"line":76,"column":43},"end":{"line":83,"column":1}},"2":{"start":{"line":77,"column":22},"end":{"line":77,"column":30}},"3":{"start":{"line":78,"column":29},"end":{"line":78,"column":72}},"4":{"start":{"line":79,"column":2},"end":{"line":81,"column":3}},"5":{"start":{"line":80,"column":4},"end":{"line":80,"column":52}},"6":{"start":{"line":82,"column":2},"end":{"line":82,"column":75}},"7":{"start":{"line":76,"column":13},"end":{"line":76,"column":43}},"8":{"start":{"line":86,"column":40},"end":{"line":92,"column":1}},"9":{"start":{"line":87,"column":23},"end":{"line":87,"column":52}},"10":{"start":{"line":88,"column":2},"end":{"line":90,"column":3}},"11":{"start":{"line":89,"column":4},"end":{"line":89,"column":46}},"12":{"start":{"line":91,"column":2},"end":{"line":91,"column":68}},"13":{"start":{"line":86,"column":13},"end":{"line":86,"column":40}},"14":{"start":{"line":95,"column":44},"end":{"line":105,"column":1}},"15":{"start":{"line":96,"column":13},"end":{"line":96,"column":36}},"16":{"start":{"line":97,"column":2},"end":{"line":99,"column":3}},"17":{"start":{"line":98,"column":4},"end":{"line":98,"column":71}},"18":{"start":{"line":100,"column":22},"end":{"line":100,"column":57}},"19":{"start":{"line":101,"column":2},"end":{"line":103,"column":3}},"20":{"start":{"line":102,"column":4},"end":{"line":102,"column":45}},"21":{"start":{"line":104,"column":2},"end":{"line":104,"column":68}},"22":{"start":{"line":95,"column":13},"end":{"line":95,"column":44}},"23":{"start":{"line":108,"column":43},"end":{"line":123,"column":1}},"24":{"start":{"line":109,"column":13},"end":{"line":109,"column":36}},"25":{"start":{"line":110,"column":2},"end":{"line":112,"column":3}},"26":{"start":{"line":111,"column":4},"end":{"line":111,"column":71}},"27":{"start":{"line":113,"column":22},"end":{"line":113,"column":30}},"28":{"start":{"line":114,"column":30},"end":{"line":114,"column":65}},"29":{"start":{"line":115,"column":2},"end":{"line":117,"column":3}},"30":{"start":{"line":116,"column":4},"end":{"line":116,"column":70}},"31":{"start":{"line":118,"column":29},"end":{"line":118,"column":76}},"32":{"start":{"line":119,"column":2},"end":{"line":121,"column":3}},"33":{"start":{"line":120,"column":4},"end":{"line":120,"column":52}},"34":{"start":{"line":122,"column":2},"end":{"line":122,"column":75}},"35":{"start":{"line":108,"column":13},"end":{"line":108,"column":43}},"36":{"start":{"line":126,"column":43},"end":{"line":136,"column":1}},"37":{"start":{"line":127,"column":13},"end":{"line":127,"column":36}},"38":{"start":{"line":128,"column":2},"end":{"line":130,"column":3}},"39":{"start":{"line":129,"column":4},"end":{"line":129,"column":71}},"40":{"start":{"line":131,"column":29},"end":{"line":131,"column":63}},"41":{"start":{"line":132,"column":2},"end":{"line":134,"column":3}},"42":{"start":{"line":133,"column":4},"end":{"line":133,"column":81}},"43":{"start":{"line":135,"column":2},"end":{"line":135,"column":68}},"44":{"start":{"line":126,"column":13},"end":{"line":126,"column":43}}},"fnMap":{"0":{"name":"(anonymous_0)","decl":{"start":{"line":76,"column":43},"end":{"line":76,"column":48}},"loc":{"start":{"line":76,"column":81},"end":{"line":83,"column":1}}},"1":{"name":"(anonymous_1)","decl":{"start":{"line":86,"column":40},"end":{"line":86,"column":45}},"loc":{"start":{"line":86,"column":78},"end":{"line":92,"column":1}}},"2":{"name":"(anonymous_2)","decl":{"start":{"line":95,"column":44},"end":{"line":95,"column":49}},"loc":{"start":{"line":95,"column":82},"end":{"line":105,"column":1}}},"3":{"name":"(anonymous_3)","decl":{"start":{"line":108,"column":43},"end":{"line":108,"column":48}},"loc":{"start":{"line":108,"column":81},"end":{"line":123,"column":1}}},"4":{"name":"(anonymous_4)","decl":{"start":{"line":126,"column":43},"end":{"line":126,"column":48}},"loc":{"start":{"line":126,"column":81},"end":{"line":136,"column":1}}}},"branchMap":{"0":{"loc":{"start":{"line":79,"column":2},"end":{"line":81,"column":3}},"type":"if","locations":[{"start":{"line":79,"column":2},"end":{"line":81,"column":3}},{"start":{},"end":{}}]},"1":{"loc":{"start":{"line":88,"column":2},"end":{"line":90,"column":3}},"type":"if","locations":[{"start":{"line":88,"column":2},"end":{"line":90,"column":3}},{"start":{},"end":{}}]},"2":{"loc":{"start":{"line":88,"column":6},"end":{"line":88,"column":45}},"type":"binary-expr","locations":[{"start":{"line":88,"column":6},"end":{"line":88,"column":18}},{"start":{"line":88,"column":22},"end":{"line":88,"column":45}}]},"3":{"loc":{"start":{"line":97,"column":2},"end":{"line":99,"column":3}},"type":"if","locations":[{"start":{"line":97,"column":2},"end":{"line":99,"column":3}},{"start":{},"end":{}}]},"4":{"loc":{"start":{"line":101,"column":2},"end":{"line":103,"column":3}},"type":"if","locations":[{"start":{"line":101,"column":2},"end":{"line":103,"column":3}},{"start":{},"end":{}}]},"5":{"loc":{"start":{"line":110,"column":2},"end":{"line":112,"column":3}},"type":"if","locations":[{"start":{"line":110,"column":2},"end":{"line":112,"column":3}},{"start":{},"end":{}}]},"6":{"loc":{"start":{"line":115,"column":2},"end":{"line":117,"column":3}},"type":"if","locations":[{"start":{"line":115,"column":2},"end":{"line":117,"column":3}},{"start":{},"end":{}}]},"7":{"loc":{"start":{"line":119,"column":2},"end":{"line":121,"column":3}},"type":"if","locations":[{"start":{"line":119,"column":2},"end":{"line":121,"column":3}},{"start":{},"end":{}}]},"8":{"loc":{"start":{"line":128,"column":2},"end":{"line":130,"column":3}},"type":"if","locations":[{"start":{"line":128,"column":2},"end":{"line":130,"column":3}},{"start":{},"end":{}}]},"9":{"loc":{"start":{"line":132,"column":2},"end":{"line":134,"column":3}},"type":"if","locations":[{"start":{"line":132,"column":2},"end":{"line":134,"column":3}},{"start":{},"end":{}}]}},"s":{"0":7,"1":7,"2":1,"3":1,"4":1,"5":1,"6":0,"7":7,"8":7,"9":1,"10":1,"11":1,"12":0,"13":7,"14":7,"15":3,"16":3,"17":1,"18":2,"19":2,"20":1,"21":1,"22":7,"23":7,"24":2,"25":2,"26":0,"27":2,"28":2,"29":2,"30":1,"31":1,"32":1,"33":1,"34":0,"35":7,"36":7,"37":2,"38":2,"39":0,"40":2,"41":2,"42":1,"43":1,"44":7},"f":{"0":1,"1":1,"2":3,"3":2,"4":2},"b":{"0":[1,0],"1":[1,0],"2":[1,1],"3":[1,2],"4":[1,1],"5":[0,2],"6":[1,1],"7":[1,0],"8":[0,2],"9":[1,1]}}
,"C:\\Dev\\Training 2\\My revision\\TypescriptRev\\Typescript10 CR\\src\\reservation\\reservationRouter.ts": {"path":"C:\\Dev\\Training 2\\My revision\\TypescriptRev\\Typescript10 CR\\src\\reservation\\reservationRouter.ts","statementMap":{"0":{"start":{"line":2,"column":0},"end":{"line":2,"column":184}},"1":{"start":{"line":5,"column":20},"end":{"line":49,"column":1}},"2":{"start":{"line":6,"column":4},"end":{"line":12,"column":7}},"3":{"start":{"line":7,"column":8},"end":{"line":11,"column":9}},"4":{"start":{"line":8,"column":12},"end":{"line":8,"column":56}},"5":{"start":{"line":10,"column":12},"end":{"line":10,"column":24}},"6":{"start":{"line":15,"column":4},"end":{"line":21,"column":7}},"7":{"start":{"line":16,"column":8},"end":{"line":20,"column":9}},"8":{"start":{"line":17,"column":12},"end":{"line":17,"column":53}},"9":{"start":{"line":19,"column":12},"end":{"line":19,"column":24}},"10":{"start":{"line":24,"column":4},"end":{"line":30,"column":7}},"11":{"start":{"line":25,"column":8},"end":{"line":29,"column":9}},"12":{"start":{"line":26,"column":12},"end":{"line":26,"column":57}},"13":{"start":{"line":28,"column":12},"end":{"line":28,"column":24}},"14":{"start":{"line":33,"column":4},"end":{"line":39,"column":7}},"15":{"start":{"line":34,"column":8},"end":{"line":38,"column":9}},"16":{"start":{"line":35,"column":12},"end":{"line":35,"column":56}},"17":{"start":{"line":37,"column":12},"end":{"line":37,"column":24}},"18":{"start":{"line":42,"column":4},"end":{"line":48,"column":7}},"19":{"start":{"line":43,"column":8},"end":{"line":47,"column":9}},"20":{"start":{"line":44,"column":12},"end":{"line":44,"column":56}},"21":{"start":{"line":46,"column":12},"end":{"line":46,"column":24}},"22":{"start":{"line":50,"column":0},"end":{"line":50,"column":27}}},"fnMap":{"0":{"name":"(anonymous_0)","decl":{"start":{"line":5,"column":20},"end":{"line":5,"column":21}},"loc":{"start":{"line":5,"column":37},"end":{"line":49,"column":1}}},"1":{"name":"(anonymous_1)","decl":{"start":{"line":6,"column":35},"end":{"line":6,"column":40}},"loc":{"start":{"line":6,"column":60},"end":{"line":12,"column":5}}},"2":{"name":"(anonymous_2)","decl":{"start":{"line":15,"column":34},"end":{"line":15,"column":39}},"loc":{"start":{"line":15,"column":59},"end":{"line":21,"column":5}}},"3":{"name":"(anonymous_3)","decl":{"start":{"line":24,"column":38},"end":{"line":24,"column":43}},"loc":{"start":{"line":24,"column":63},"end":{"line":30,"column":5}}},"4":{"name":"(anonymous_4)","decl":{"start":{"line":33,"column":38},"end":{"line":33,"column":43}},"loc":{"start":{"line":33,"column":63},"end":{"line":39,"column":5}}},"5":{"name":"(anonymous_5)","decl":{"start":{"line":42,"column":41},"end":{"line":42,"column":46}},"loc":{"start":{"line":42,"column":66},"end":{"line":48,"column":5}}}},"branchMap":{},"s":{"0":7,"1":7,"2":7,"3":1,"4":1,"5":0,"6":7,"7":1,"8":1,"9":0,"10":7,"11":3,"12":3,"13":0,"14":7,"15":2,"16":2,"17":0,"18":7,"19":2,"20":2,"21":0,"22":7},"f":{"0":7,"1":1,"2":1,"3":3,"4":2,"5":2},"b":{}}
,"C:\\Dev\\Training 2\\My revision\\TypescriptRev\\Typescript10 CR\\src\\reservation\\reservationService.ts": {"path":"C:\\Dev\\Training 2\\My revision\\TypescriptRev\\Typescript10 CR\\src\\reservation\\reservationService.ts","statementMap":{"0":{"start":{"line":1,"column":0},"end":{"line":1,"column":33}},"1":{"start":{"line":2,"column":0},"end":{"line":2,"column":31}},"2":{"start":{"line":3,"column":0},"end":{"line":3,"column":68}},"3":{"start":{"line":7,"column":39},"end":{"line":13,"column":1}},"4":{"start":{"line":8,"column":22},"end":{"line":8,"column":87}},"5":{"start":{"line":9,"column":4},"end":{"line":11,"column":5}},"6":{"start":{"line":10,"column":8},"end":{"line":10,"column":24}},"7":{"start":{"line":12,"column":4},"end":{"line":12,"column":16}},"8":{"start":{"line":7,"column":13},"end":{"line":7,"column":39}},"9":{"start":{"line":15,"column":41},"end":{"line":20,"column":1}},"10":{"start":{"line":16,"column":24},"end":{"line":18,"column":6}},"11":{"start":{"line":19,"column":4},"end":{"line":19,"column":23}},"12":{"start":{"line":15,"column":13},"end":{"line":15,"column":41}},"13":{"start":{"line":22,"column":37},"end":{"line":25,"column":1}},"14":{"start":{"line":23,"column":25},"end":{"line":23,"column":67}},"15":{"start":{"line":24,"column":4},"end":{"line":24,"column":24}},"16":{"start":{"line":22,"column":13},"end":{"line":22,"column":37}},"17":{"start":{"line":27,"column":40},"end":{"line":38,"column":1}},"18":{"start":{"line":28,"column":31},"end":{"line":31,"column":20}},"19":{"start":{"line":33,"column":4},"end":{"line":35,"column":5}},"20":{"start":{"line":34,"column":8},"end":{"line":34,"column":20}},"21":{"start":{"line":37,"column":4},"end":{"line":37,"column":33}},"22":{"start":{"line":27,"column":13},"end":{"line":27,"column":40}},"23":{"start":{"line":41,"column":40},"end":{"line":50,"column":1}},"24":{"start":{"line":42,"column":31},"end":{"line":44,"column":20}},"25":{"start":{"line":46,"column":4},"end":{"line":48,"column":5}},"26":{"start":{"line":47,"column":8},"end":{"line":47,"column":20}},"27":{"start":{"line":49,"column":4},"end":{"line":49,"column":46}},"28":{"start":{"line":41,"column":13},"end":{"line":41,"column":40}},"29":{"start":{"line":52,"column":44},"end":{"line":57,"column":1}},"30":{"start":{"line":53,"column":25},"end":{"line":55,"column":6}},"31":{"start":{"line":56,"column":4},"end":{"line":56,"column":24}},"32":{"start":{"line":52,"column":13},"end":{"line":52,"column":44}}},"fnMap":{"0":{"name":"(anonymous_1)","decl":{"start":{"line":7,"column":39},"end":{"line":7,"column":44}},"loc":{"start":{"line":7,"column":74},"end":{"line":13,"column":1}}},"1":{"name":"(anonymous_2)","decl":{"start":{"line":15,"column":41},"end":{"line":15,"column":46}},"loc":{"start":{"line":15,"column":62},"end":{"line":20,"column":1}}},"2":{"name":"(anonymous_3)","decl":{"start":{"line":22,"column":37},"end":{"line":22,"column":42}},"loc":{"start":{"line":22,"column":48},"end":{"line":25,"column":1}}},"3":{"name":"(anonymous_4)","decl":{"start":{"line":27,"column":40},"end":{"line":27,"column":45}},"loc":{"start":{"line":27,"column":89},"end":{"line":38,"column":1}}},"4":{"name":"(anonymous_5)","decl":{"start":{"line":41,"column":40},"end":{"line":41,"column":45}},"loc":{"start":{"line":41,"column":61},"end":{"line":50,"column":1}}},"5":{"name":"(anonymous_6)","decl":{"start":{"line":52,"column":44},"end":{"line":52,"column":49}},"loc":{"start":{"line":52,"column":68},"end":{"line":57,"column":1}}}},"branchMap":{"0":{"loc":{"start":{"line":9,"column":4},"end":{"line":11,"column":5}},"type":"if","locations":[{"start":{"line":9,"column":4},"end":{"line":11,"column":5}},{"start":{},"end":{}}]},"1":{"loc":{"start":{"line":33,"column":4},"end":{"line":35,"column":5}},"type":"if","locations":[{"start":{"line":33,"column":4},"end":{"line":35,"column":5}},{"start":{},"end":{}}]},"2":{"loc":{"start":{"line":46,"column":4},"end":{"line":48,"column":5}},"type":"if","locations":[{"start":{"line":46,"column":4},"end":{"line":48,"column":5}},{"start":{},"end":{}}]}},"s":{"0":7,"1":7,"2":7,"3":7,"4":1,"5":1,"6":1,"7":0,"8":7,"9":7,"10":4,"11":4,"12":7,"13":7,"14":1,"15":1,"16":7,"17":7,"18":1,"19":1,"20":0,"21":1,"22":7,"23":7,"24":2,"25":2,"26":1,"27":1,"28":7,"29":7,"30":0,"31":0,"32":7},"f":{"0":1,"1":4,"2":1,"3":1,"4":2,"5":0},"b":{"0":[1,0],"1":[0,1],"2":[1,1]}}
}
