TN:
SF:src\index.ts
FN:37,(anonymous_1)
FN:53,(anonymous_2)
FN:65,(anonymous_3)
FNF:3
FNH:1
FNDA:7,(anonymous_1)
FNDA:0,(anonymous_2)
FNDA:0,(anonymous_3)
DA:27,7
DA:28,7
DA:29,7
DA:30,7
DA:32,7
DA:33,7
DA:34,7
DA:35,7
DA:37,7
DA:38,7
DA:41,7
DA:44,7
DA:45,7
DA:46,7
DA:48,7
DA:49,7
DA:50,7
DA:51,7
DA:53,7
DA:54,0
DA:57,7
DA:60,7
DA:63,7
DA:64,0
DA:65,0
DA:66,0
DA:70,7
LF:27
LH:23
BRDA:63,0,0,0
BRDA:63,0,1,7
BRDA:64,1,0,0
BRDA:64,1,1,0
BRF:4
BRH:1
end_of_record
TN:
SF:src\Drizzle\db.ts
FN:52,(anonymous_9)
FN:55,(anonymous_10)
FN:57,(anonymous_11)
FNF:3
FNH:2
FNDA:7,(anonymous_9)
FNDA:7,(anonymous_10)
FNDA:0,(anonymous_11)
DA:42,7
DA:44,7
DA:45,7
DA:46,7
DA:48,7
DA:52,7
DA:53,7
DA:55,7
DA:56,7
DA:58,0
DA:62,7
DA:64,7
LF:12
LH:11
BRF:0
BRH:0
end_of_record
TN:
SF:src\Drizzle\schema.ts
FN:215,(anonymous_0)
FN:222,(anonymous_1)
FN:223,(anonymous_2)
FN:232,(anonymous_3)
FN:233,(anonymous_4)
FN:242,(anonymous_5)
FN:252,(anonymous_6)
FN:263,(anonymous_7)
FN:274,(anonymous_8)
FN:281,(anonymous_9)
FN:286,(anonymous_10)
FN:298,(anonymous_11)
FN:310,(anonymous_12)
FN:323,(anonymous_13)
FN:331,(anonymous_14)
FN:339,(anonymous_15)
FNF:16
FNH:8
FNDA:0,(anonymous_0)
FNDA:0,(anonymous_1)
FNDA:0,(anonymous_2)
FNDA:0,(anonymous_3)
FNDA:0,(anonymous_4)
FNDA:0,(anonymous_5)
FNDA:0,(anonymous_6)
FNDA:0,(anonymous_7)
FNDA:7,(anonymous_8)
FNDA:7,(anonymous_9)
FNDA:7,(anonymous_10)
FNDA:7,(anonymous_11)
FNDA:7,(anonymous_12)
FNDA:7,(anonymous_13)
FNDA:7,(anonymous_14)
FNDA:7,(anonymous_15)
DA:163,7
DA:164,7
DA:165,7
DA:168,7
DA:173,7
DA:189,7
DA:208,7
DA:215,0
DA:220,7
DA:222,0
DA:223,0
DA:230,7
DA:232,0
DA:233,0
DA:240,7
DA:242,0
DA:250,7
DA:252,0
DA:261,7
DA:263,0
DA:274,7
DA:281,7
DA:286,7
DA:298,7
DA:310,7
DA:323,7
DA:331,7
DA:339,7
LF:28
LH:20
BRF:0
BRH:0
end_of_record
TN:
SF:src\car\carController.ts
FN:4,(anonymous_0)
FN:19,(anonymous_1)
FN:35,(anonymous_2)
FN:47,(anonymous_3)
FN:68,(anonymous_4)
FNF:5
FNH:5
FNDA:2,(anonymous_0)
FNDA:3,(anonymous_1)
FNDA:1,(anonymous_2)
FNDA:3,(anonymous_3)
FNDA:3,(anonymous_4)
DA:2,7
DA:4,7
DA:5,2
DA:6,2
DA:7,2
DA:8,1
DA:9,1
DA:13,1
DA:19,7
DA:20,3
DA:21,3
DA:22,3
DA:23,1
DA:25,2
DA:26,2
DA:27,1
DA:29,1
DA:31,0
DA:35,7
DA:36,1
DA:37,1
DA:38,1
DA:39,0
DA:41,1
DA:43,0
DA:47,7
DA:48,3
DA:49,3
DA:50,3
DA:51,1
DA:53,2
DA:54,2
DA:55,2
DA:56,1
DA:58,1
DA:59,1
DA:60,0
DA:62,1
DA:64,0
DA:68,7
DA:69,3
DA:70,3
DA:71,3
DA:72,1
DA:74,2
DA:75,2
DA:76,1
DA:78,1
DA:80,0
LF:49
LH:43
BRDA:8,0,0,0
BRDA:8,0,1,1
BRDA:22,1,0,1
BRDA:22,1,1,2
BRDA:26,2,0,1
BRDA:26,2,1,1
BRDA:38,3,0,0
BRDA:38,3,1,1
BRDA:38,4,0,1
BRDA:38,4,1,1
BRDA:50,5,0,1
BRDA:50,5,1,2
BRDA:55,6,0,1
BRDA:55,6,1,1
BRDA:59,7,0,0
BRDA:59,7,1,1
BRDA:71,8,0,1
BRDA:71,8,1,2
BRDA:75,9,0,1
BRDA:75,9,1,1
BRF:20
BRH:17
end_of_record
TN:
SF:src\car\carRouter.ts
FN:3,(anonymous_0)
FN:4,(anonymous_1)
FN:12,(anonymous_2)
FN:21,(anonymous_3)
FN:29,(anonymous_4)
FN:37,(anonymous_5)
FNF:6
FNH:6
FNDA:7,(anonymous_0)
FNDA:2,(anonymous_1)
FNDA:3,(anonymous_2)
FNDA:1,(anonymous_3)
FNDA:3,(anonymous_4)
FNDA:3,(anonymous_5)
DA:2,7
DA:3,7
DA:4,7
DA:5,2
DA:6,2
DA:8,0
DA:12,7
DA:13,3
DA:14,3
DA:16,0
DA:21,7
DA:22,1
DA:23,1
DA:25,0
DA:29,7
DA:30,3
DA:31,3
DA:33,0
DA:37,7
DA:38,3
DA:39,3
DA:41,0
DA:45,7
LF:23
LH:18
BRF:0
BRH:0
end_of_record
TN:
SF:src\car\carService.ts
FN:7,(anonymous_1)
FN:15,(anonymous_2)
FN:22,(anonymous_3)
FN:28,(anonymous_4)
FN:40,(anonymous_5)
FNF:5
FNH:5
FNDA:2,(anonymous_1)
FNDA:4,(anonymous_2)
FNDA:1,(anonymous_3)
FNDA:1,(anonymous_4)
FNDA:2,(anonymous_5)
DA:1,7
DA:2,7
DA:3,7
DA:7,7
DA:8,2
DA:9,1
DA:10,1
DA:12,0
DA:15,7
DA:16,4
DA:19,4
DA:22,7
DA:23,1
DA:24,1
DA:28,7
DA:29,1
DA:34,1
DA:35,0
DA:37,1
DA:40,7
DA:41,2
DA:45,2
DA:46,1
DA:48,1
LF:24
LH:22
BRDA:9,0,0,1
BRDA:9,0,1,0
BRDA:34,1,0,0
BRDA:34,1,1,1
BRDA:45,2,0,1
BRDA:45,2,1,1
BRF:6
BRH:4
end_of_record
TN:
SF:src\customer\customerController.ts
FN:448,(anonymous_1)
FN:473,(anonymous_2)
FN:478,(anonymous_3)
FN:527,(anonymous_4)
FN:539,(anonymous_5)
FN:555,(anonymous_6)
FN:572,(anonymous_7)
FN:584,(anonymous_8)
FN:608,(anonymous_9)
FN:631,(anonymous_10)
FN:647,(anonymous_11)
FNF:11
FNH:6
FNDA:7,(anonymous_1)
FNDA:0,(anonymous_2)
FNDA:0,(anonymous_3)
FNDA:1,(anonymous_4)
FNDA:0,(anonymous_5)
FNDA:2,(anonymous_6)
FNDA:1,(anonymous_7)
FNDA:0,(anonymous_8)
FNDA:0,(anonymous_9)
FNDA:2,(anonymous_10)
FNDA:1,(anonymous_11)
DA:430,7
DA:443,7
DA:444,7
DA:445,7
DA:448,7
DA:449,7
DA:450,7
DA:451,7
DA:453,7
DA:454,0
DA:457,7
DA:458,7
DA:460,7
DA:461,7
DA:463,7
DA:468,0
DA:473,7
DA:474,0
DA:478,7
DA:479,0
DA:480,0
DA:481,0
DA:483,0
DA:484,0
DA:487,0
DA:488,0
DA:489,0
DA:492,0
DA:502,0
DA:503,0
DA:504,0
DA:507,0
DA:509,0
DA:523,0
DA:527,7
DA:528,1
DA:529,1
DA:530,1
DA:531,0
DA:533,1
DA:535,0
DA:539,7
DA:540,0
DA:541,0
DA:542,0
DA:543,0
DA:545,0
DA:546,0
DA:547,0
DA:549,0
DA:551,0
DA:555,7
DA:556,2
DA:557,2
DA:558,0
DA:561,2
DA:562,2
DA:563,2
DA:564,1
DA:566,1
DA:568,0
DA:572,7
DA:573,1
DA:574,1
DA:575,1
DA:576,0
DA:578,1
DA:580,0
DA:584,7
DA:585,0
DA:586,0
DA:587,0
DA:588,0
DA:591,0
DA:592,0
DA:593,0
DA:594,0
DA:597,0
DA:598,0
DA:599,0
DA:602,0
DA:604,0
DA:608,7
DA:609,0
DA:610,0
DA:611,0
DA:612,0
DA:615,0
DA:616,0
DA:617,0
DA:620,0
DA:621,0
DA:622,0
DA:625,0
DA:627,0
DA:631,7
DA:632,2
DA:633,2
DA:634,2
DA:635,0
DA:637,2
DA:638,2
DA:639,1
DA:641,1
DA:643,0
DA:647,7
DA:648,1
DA:649,1
DA:650,0
DA:653,1
DA:654,1
DA:655,1
DA:656,0
DA:658,1
DA:660,0
LF:115
LH:52
BRDA:453,0,0,0
BRDA:453,0,1,7
BRDA:453,1,0,7
BRDA:453,1,1,7
BRDA:461,2,0,0
BRDA:461,2,1,7
BRDA:483,3,0,0
BRDA:483,3,1,0
BRDA:488,4,0,0
BRDA:488,4,1,0
BRDA:503,5,0,0
BRDA:503,5,1,0
BRDA:530,6,0,0
BRDA:530,6,1,1
BRDA:530,7,0,1
BRDA:530,7,1,1
BRDA:542,8,0,0
BRDA:542,8,1,0
BRDA:546,9,0,0
BRDA:546,9,1,0
BRDA:557,10,0,0
BRDA:557,10,1,2
BRDA:563,11,0,1
BRDA:563,11,1,1
BRDA:575,12,0,0
BRDA:575,12,1,1
BRDA:575,13,0,1
BRDA:575,13,1,1
BRDA:587,14,0,0
BRDA:587,14,1,0
BRDA:593,15,0,0
BRDA:593,15,1,0
BRDA:598,16,0,0
BRDA:598,16,1,0
BRDA:611,17,0,0
BRDA:611,17,1,0
BRDA:616,18,0,0
BRDA:616,18,1,0
BRDA:621,19,0,0
BRDA:621,19,1,0
BRDA:634,20,0,0
BRDA:634,20,1,2
BRDA:638,21,0,1
BRDA:638,21,1,1
BRDA:649,22,0,0
BRDA:649,22,1,1
BRDA:655,23,0,0
BRDA:655,23,1,1
BRF:48
BRH:18
end_of_record
TN:
SF:src\customer\customerRouter.ts
FN:128,(anonymous_0)
FN:129,(anonymous_1)
FN:138,(anonymous_2)
FN:149,(anonymous_3)
FN:157,(anonymous_4)
FN:166,(anonymous_5)
FN:173,(anonymous_6)
FN:182,(anonymous_7)
FN:192,(anonymous_8)
FN:201,(anonymous_9)
FN:208,(anonymous_10)
FNF:11
FNH:7
FNDA:7,(anonymous_0)
FNDA:7,(anonymous_1)
FNDA:0,(anonymous_2)
FNDA:0,(anonymous_3)
FNDA:1,(anonymous_4)
FNDA:2,(anonymous_5)
FNDA:1,(anonymous_6)
FNDA:0,(anonymous_7)
FNDA:0,(anonymous_8)
FNDA:2,(anonymous_9)
FNDA:1,(anonymous_10)
DA:126,7
DA:128,7
DA:129,7
DA:130,7
DA:131,7
DA:133,0
DA:138,7
DA:139,0
DA:140,0
DA:142,0
DA:149,7
DA:150,0
DA:151,0
DA:153,0
DA:157,7
DA:158,1
DA:159,1
DA:161,0
DA:166,7
DA:167,2
DA:168,2
DA:170,0
DA:173,7
DA:174,1
DA:175,1
DA:177,0
DA:182,7
DA:183,0
DA:184,0
DA:186,0
DA:192,7
DA:193,0
DA:194,0
DA:196,0
DA:201,7
DA:202,2
DA:203,2
DA:205,0
DA:208,7
DA:209,1
DA:210,1
DA:212,0
DA:219,7
LF:43
LH:25
BRF:0
BRH:0
end_of_record
TN:
SF:src\customer\customerService.ts
FN:82,(anonymous_1)
FN:86,(anonymous_2)
FN:94,(anonymous_3)
FN:100,(anonymous_4)
FN:115,(anonymous_5)
FN:133,(anonymous_6)
FN:138,(anonymous_7)
FN:146,(anonymous_8)
FN:161,(anonymous_9)
FN:182,(anonymous_10)
FN:195,(anonymous_11)
FN:205,(anonymous_12)
FN:224,(anonymous_13)
FNF:13
FNH:6
FNDA:7,(anonymous_1)
FNDA:0,(anonymous_2)
FNDA:0,(anonymous_3)
FNDA:0,(anonymous_4)
FNDA:0,(anonymous_5)
FNDA:1,(anonymous_6)
FNDA:0,(anonymous_7)
FNDA:2,(anonymous_8)
FNDA:1,(anonymous_9)
FNDA:0,(anonymous_10)
FNDA:0,(anonymous_11)
FNDA:2,(anonymous_12)
FNDA:1,(anonymous_13)
DA:75,7
DA:76,7
DA:77,7
DA:82,7
DA:83,7
DA:84,7
DA:86,7
DA:87,0
DA:94,7
DA:95,0
DA:100,7
DA:105,0
DA:115,7
DA:116,0
DA:117,0
DA:133,7
DA:134,1
DA:135,1
DA:138,7
DA:139,0
DA:142,0
DA:146,7
DA:147,2
DA:161,7
DA:162,1
DA:182,7
DA:183,0
DA:188,0
DA:189,0
DA:191,0
DA:195,7
DA:196,0
DA:200,0
DA:201,0
DA:203,0
DA:205,7
DA:206,2
DA:224,7
DA:225,1
LF:39
LH:24
BRDA:188,0,0,0
BRDA:188,0,1,0
BRDA:200,1,0,0
BRDA:200,1,1,0
BRF:4
BRH:0
end_of_record
TN:
SF:src\insurance\insuranceController.ts
FN:5,(anonymous_0)
FN:21,(anonymous_1)
FN:37,(anonymous_2)
FN:49,(anonymous_3)
FN:70,(anonymous_4)
FNF:5
FNH:5
FNDA:3,(anonymous_0)
FNDA:3,(anonymous_1)
FNDA:2,(anonymous_2)
FNDA:2,(anonymous_3)
FNDA:4,(anonymous_4)
DA:2,7
DA:5,7
DA:6,3
DA:7,3
DA:8,3
DA:9,1
DA:10,0
DA:12,1
DA:17,2
DA:21,7
DA:22,3
DA:23,3
DA:24,3
DA:25,1
DA:27,2
DA:28,2
DA:29,1
DA:31,1
DA:33,0
DA:37,7
DA:38,2
DA:39,2
DA:40,2
DA:41,1
DA:43,1
DA:45,0
DA:49,7
DA:50,2
DA:51,2
DA:52,2
DA:53,0
DA:55,2
DA:56,2
DA:57,2
DA:58,1
DA:60,1
DA:61,1
DA:62,0
DA:64,1
DA:66,0
DA:70,7
DA:71,4
DA:72,4
DA:73,4
DA:74,1
DA:76,3
DA:77,3
DA:78,1
DA:80,2
DA:81,1
DA:82,0
DA:84,1
DA:86,1
LF:53
LH:46
BRDA:9,0,0,0
BRDA:9,0,1,1
BRDA:24,1,0,1
BRDA:24,1,1,2
BRDA:28,2,0,1
BRDA:28,2,1,1
BRDA:40,3,0,1
BRDA:40,3,1,1
BRDA:40,4,0,2
BRDA:40,4,1,2
BRDA:52,5,0,0
BRDA:52,5,1,2
BRDA:57,6,0,1
BRDA:57,6,1,1
BRDA:61,7,0,0
BRDA:61,7,1,1
BRDA:73,8,0,1
BRDA:73,8,1,3
BRDA:77,9,0,1
BRDA:77,9,1,2
BRDA:81,10,0,0
BRDA:81,10,1,1
BRF:22
BRH:18
end_of_record
TN:
SF:src\insurance\insuranceRouter.ts
FN:5,(anonymous_0)
FN:6,(anonymous_1)
FN:15,(anonymous_2)
FN:24,(anonymous_3)
FN:33,(anonymous_4)
FN:42,(anonymous_5)
FNF:6
FNH:6
FNDA:7,(anonymous_0)
FNDA:3,(anonymous_1)
FNDA:2,(anonymous_2)
FNDA:3,(anonymous_3)
FNDA:2,(anonymous_4)
FNDA:4,(anonymous_5)
DA:2,7
DA:5,7
DA:6,7
DA:7,3
DA:8,3
DA:10,0
DA:15,7
DA:16,2
DA:17,2
DA:19,0
DA:24,7
DA:25,3
DA:26,3
DA:28,0
DA:33,7
DA:34,2
DA:35,2
DA:37,0
DA:42,7
DA:43,4
DA:44,4
DA:46,0
DA:50,7
LF:23
LH:18
BRF:0
BRH:0
end_of_record
TN:
SF:src\insurance\insuranceService.ts
FN:7,(anonymous_1)
FN:15,(anonymous_2)
FN:22,(anonymous_3)
FN:27,(anonymous_4)
FN:39,(anonymous_5)
FNF:5
FNH:5
FNDA:2,(anonymous_1)
FNDA:7,(anonymous_2)
FNDA:2,(anonymous_3)
FNDA:1,(anonymous_4)
FNDA:1,(anonymous_5)
DA:1,7
DA:2,7
DA:3,7
DA:7,7
DA:8,2
DA:9,1
DA:10,1
DA:12,0
DA:15,7
DA:16,7
DA:19,7
DA:22,7
DA:23,2
DA:24,2
DA:27,7
DA:28,1
DA:33,1
DA:34,0
DA:36,1
DA:39,7
DA:40,1
DA:44,1
DA:45,0
DA:47,1
LF:24
LH:21
BRDA:9,0,0,1
BRDA:9,0,1,0
BRDA:33,1,0,0
BRDA:33,1,1,1
BRDA:44,2,0,0
BRDA:44,2,1,1
BRF:6
BRH:3
end_of_record
TN:
SF:src\location\locationController.ts
FN:110,(anonymous_0)
FN:142,(anonymous_1)
FN:161,(anonymous_2)
FN:186,(anonymous_3)
FN:217,(anonymous_4)
FNF:5
FNH:5
FNDA:3,(anonymous_0)
FNDA:3,(anonymous_1)
FNDA:4,(anonymous_2)
FNDA:4,(anonymous_3)
FNDA:4,(anonymous_4)
DA:101,7
DA:110,7
DA:111,3
DA:112,3
DA:115,3
DA:116,1
DA:121,2
DA:127,1
DA:128,0
DA:131,1
DA:135,1
DA:142,7
DA:143,3
DA:144,3
DA:145,2
DA:146,1
DA:148,1
DA:153,1
DA:161,7
DA:162,4
DA:163,4
DA:164,4
DA:165,1
DA:168,3
DA:169,2
DA:170,1
DA:173,1
DA:178,1
DA:186,7
DA:187,4
DA:188,4
DA:189,4
DA:190,1
DA:193,3
DA:194,3
DA:195,3
DA:196,1
DA:199,2
DA:200,1
DA:201,0
DA:204,1
DA:209,1
DA:217,7
DA:218,4
DA:219,4
DA:220,4
DA:221,1
DA:224,3
DA:225,3
DA:226,1
DA:229,2
DA:230,1
DA:231,0
DA:234,1
DA:238,1
LF:55
LH:52
BRDA:115,0,0,1
BRDA:115,0,1,2
BRDA:115,1,0,3
BRDA:115,1,1,2
BRDA:115,1,2,2
BRDA:127,2,0,0
BRDA:127,2,1,1
BRDA:145,3,0,1
BRDA:145,3,1,1
BRDA:145,4,0,2
BRDA:145,4,1,2
BRDA:164,5,0,1
BRDA:164,5,1,3
BRDA:169,6,0,1
BRDA:169,6,1,1
BRDA:189,7,0,1
BRDA:189,7,1,3
BRDA:195,8,0,1
BRDA:195,8,1,2
BRDA:200,9,0,0
BRDA:200,9,1,1
BRDA:220,10,0,1
BRDA:220,10,1,3
BRDA:225,11,0,1
BRDA:225,11,1,2
BRDA:230,12,0,0
BRDA:230,12,1,1
BRF:27
BRH:24
end_of_record
TN:
SF:src\location\locationRouter.ts
FN:5,(anonymous_0)
FN:6,(anonymous_1)
FN:15,(anonymous_2)
FN:25,(anonymous_3)
FN:34,(anonymous_4)
FN:43,(anonymous_5)
FNF:6
FNH:6
FNDA:7,(anonymous_0)
FNDA:3,(anonymous_1)
FNDA:3,(anonymous_2)
FNDA:4,(anonymous_3)
FNDA:4,(anonymous_4)
FNDA:4,(anonymous_5)
DA:2,7
DA:5,7
DA:6,7
DA:7,3
DA:8,3
DA:10,0
DA:15,7
DA:16,3
DA:17,3
DA:19,0
DA:25,7
DA:26,4
DA:27,4
DA:29,0
DA:34,7
DA:35,4
DA:36,4
DA:38,0
DA:43,7
DA:44,4
DA:45,4
DA:47,0
DA:52,7
LF:23
LH:18
BRF:0
BRH:0
end_of_record
TN:
SF:src\location\locationService.ts
FN:6,(anonymous_1)
FN:12,(anonymous_2)
FN:18,(anonymous_3)
FN:25,(anonymous_4)
FN:38,(anonymous_5)
FNF:5
FNH:5
FNDA:2,(anonymous_1)
FNDA:3,(anonymous_2)
FNDA:9,(anonymous_3)
FNDA:2,(anonymous_4)
FNDA:2,(anonymous_5)
DA:1,7
DA:2,7
DA:3,7
DA:6,7
DA:7,2
DA:8,1
DA:12,7
DA:13,3
DA:14,2
DA:18,7
DA:19,9
DA:22,8
DA:25,7
DA:26,2
DA:31,1
DA:32,0
DA:34,1
DA:38,7
DA:39,2
DA:43,1
DA:44,0
DA:46,1
LF:22
LH:20
BRDA:31,0,0,0
BRDA:31,0,1,1
BRDA:43,1,0,0
BRDA:43,1,1,1
BRF:4
BRH:2
end_of_record
TN:
SF:src\maintenance\maintenanceController.ts
FN:100,(anonymous_0)
FN:124,(anonymous_1)
FN:137,(anonymous_2)
FN:154,(anonymous_3)
FN:176,(anonymous_4)
FNF:5
FNH:0
FNDA:0,(anonymous_0)
FNDA:0,(anonymous_1)
FNDA:0,(anonymous_2)
FNDA:0,(anonymous_3)
FNDA:0,(anonymous_4)
DA:91,7
DA:100,7
DA:101,0
DA:102,0
DA:104,0
DA:105,0
DA:108,0
DA:110,0
DA:111,0
DA:114,0
DA:119,0
DA:124,7
DA:125,0
DA:126,0
DA:127,0
DA:128,0
DA:130,0
DA:132,0
DA:137,7
DA:138,0
DA:139,0
DA:140,0
DA:141,0
DA:143,0
DA:144,0
DA:145,0
DA:147,0
DA:149,0
DA:154,7
DA:155,0
DA:156,0
DA:157,0
DA:158,0
DA:160,0
DA:161,0
DA:162,0
DA:163,0
DA:165,0
DA:166,0
DA:167,0
DA:169,0
DA:171,0
DA:176,7
DA:177,0
DA:178,0
DA:179,0
DA:180,0
DA:182,0
DA:183,0
DA:184,0
DA:186,0
DA:187,0
DA:188,0
DA:190,0
DA:192,0
LF:55
LH:6
BRDA:104,0,0,0
BRDA:104,0,1,0
BRDA:104,1,0,0
BRDA:104,1,1,0
BRDA:104,1,2,0
BRDA:104,1,3,0
BRDA:110,2,0,0
BRDA:110,2,1,0
BRDA:127,3,0,0
BRDA:127,3,1,0
BRDA:127,4,0,0
BRDA:127,4,1,0
BRDA:140,5,0,0
BRDA:140,5,1,0
BRDA:144,6,0,0
BRDA:144,6,1,0
BRDA:157,7,0,0
BRDA:157,7,1,0
BRDA:162,8,0,0
BRDA:162,8,1,0
BRDA:166,9,0,0
BRDA:166,9,1,0
BRDA:179,10,0,0
BRDA:179,10,1,0
BRDA:183,11,0,0
BRDA:183,11,1,0
BRDA:187,12,0,0
BRDA:187,12,1,0
BRF:28
BRH:0
end_of_record
TN:
SF:src\maintenance\maintenanceRouter.ts
FN:5,(anonymous_0)
FN:6,(anonymous_1)
FN:15,(anonymous_2)
FN:24,(anonymous_3)
FN:33,(anonymous_4)
FN:42,(anonymous_5)
FNF:6
FNH:1
FNDA:7,(anonymous_0)
FNDA:0,(anonymous_1)
FNDA:0,(anonymous_2)
FNDA:0,(anonymous_3)
FNDA:0,(anonymous_4)
FNDA:0,(anonymous_5)
DA:2,7
DA:5,7
DA:6,7
DA:7,0
DA:8,0
DA:10,0
DA:15,7
DA:16,0
DA:17,0
DA:19,0
DA:24,7
DA:25,0
DA:26,0
DA:28,0
DA:33,7
DA:34,0
DA:35,0
DA:37,0
DA:42,7
DA:43,0
DA:44,0
DA:46,0
DA:50,7
LF:23
LH:8
BRF:0
BRH:0
end_of_record
TN:
SF:src\maintenance\maintenanceService.ts
FN:55,(anonymous_1)
FN:61,(anonymous_2)
FN:69,(anonymous_3)
FN:75,(anonymous_4)
FN:89,(anonymous_5)
FNF:5
FNH:0
FNDA:0,(anonymous_1)
FNDA:0,(anonymous_2)
FNDA:0,(anonymous_3)
FNDA:0,(anonymous_4)
FNDA:0,(anonymous_5)
DA:50,7
DA:51,7
DA:52,7
DA:55,7
DA:56,0
DA:57,0
DA:61,7
DA:62,0
DA:65,0
DA:69,7
DA:70,0
DA:71,0
DA:75,7
DA:76,0
DA:81,0
DA:82,0
DA:85,0
DA:89,7
DA:90,0
DA:94,0
DA:95,0
DA:98,0
LF:22
LH:8
BRDA:57,0,0,0
BRDA:57,0,1,0
BRDA:81,1,0,0
BRDA:81,1,1,0
BRDA:94,2,0,0
BRDA:94,2,1,0
BRF:6
BRH:0
end_of_record
TN:
SF:src\payment\paymentController.ts
FN:110,(anonymous_0)
FN:128,(anonymous_1)
FN:141,(anonymous_2)
FN:158,(anonymous_3)
FN:180,(anonymous_4)
FNF:5
FNH:5
FNDA:1,(anonymous_0)
FNDA:2,(anonymous_1)
FNDA:3,(anonymous_2)
FNDA:3,(anonymous_3)
FNDA:3,(anonymous_4)
DA:101,7
DA:110,7
DA:111,1
DA:112,1
DA:113,1
DA:114,0
DA:115,0
DA:118,0
DA:123,1
DA:128,7
DA:129,2
DA:130,2
DA:131,2
DA:132,1
DA:134,1
DA:136,0
DA:141,7
DA:142,3
DA:143,3
DA:144,3
DA:145,1
DA:147,2
DA:148,2
DA:149,1
DA:151,1
DA:153,0
DA:158,7
DA:159,3
DA:160,3
DA:161,3
DA:162,1
DA:164,2
DA:165,2
DA:166,2
DA:167,1
DA:169,1
DA:170,1
DA:171,0
DA:173,1
DA:175,0
DA:180,7
DA:181,3
DA:182,3
DA:183,3
DA:184,1
DA:186,2
DA:187,2
DA:188,1
DA:190,1
DA:191,1
DA:192,0
DA:194,1
DA:196,0
LF:53
LH:44
BRDA:114,0,0,0
BRDA:114,0,1,0
BRDA:131,1,0,1
BRDA:131,1,1,1
BRDA:131,2,0,2
BRDA:131,2,1,2
BRDA:144,3,0,1
BRDA:144,3,1,2
BRDA:148,4,0,1
BRDA:148,4,1,1
BRDA:161,5,0,1
BRDA:161,5,1,2
BRDA:166,6,0,1
BRDA:166,6,1,1
BRDA:170,7,0,0
BRDA:170,7,1,1
BRDA:183,8,0,1
BRDA:183,8,1,2
BRDA:187,9,0,1
BRDA:187,9,1,1
BRDA:191,10,0,0
BRDA:191,10,1,1
BRF:22
BRH:18
end_of_record
TN:
SF:src\payment\paymentRouter.ts
FN:5,(anonymous_0)
FN:6,(anonymous_1)
FN:15,(anonymous_2)
FN:23,(anonymous_3)
FN:31,(anonymous_4)
FN:39,(anonymous_5)
FNF:6
FNH:6
FNDA:7,(anonymous_0)
FNDA:1,(anonymous_1)
FNDA:2,(anonymous_2)
FNDA:3,(anonymous_3)
FNDA:3,(anonymous_4)
FNDA:3,(anonymous_5)
DA:2,7
DA:5,7
DA:6,7
DA:7,1
DA:8,1
DA:10,0
DA:15,7
DA:16,2
DA:17,2
DA:19,0
DA:23,7
DA:24,3
DA:25,3
DA:27,0
DA:31,7
DA:32,3
DA:33,3
DA:35,0
DA:39,7
DA:40,3
DA:41,3
DA:43,0
DA:47,7
LF:23
LH:18
BRF:0
BRH:0
end_of_record
TN:
SF:src\payment\paymentService.ts
FN:6,(anonymous_1)
FN:12,(anonymous_2)
FN:17,(anonymous_3)
FN:24,(anonymous_4)
FN:39,(anonymous_5)
FNF:5
FNH:5
FNDA:1,(anonymous_1)
FNDA:2,(anonymous_2)
FNDA:6,(anonymous_3)
FNDA:1,(anonymous_4)
FNDA:1,(anonymous_5)
DA:1,7
DA:2,7
DA:3,7
DA:6,7
DA:7,1
DA:8,0
DA:12,7
DA:13,2
DA:17,7
DA:18,6
DA:24,7
DA:25,1
DA:31,1
DA:32,0
DA:35,1
DA:39,7
DA:40,1
DA:45,1
DA:46,0
DA:49,1
LF:20
LH:17
BRDA:31,0,0,0
BRDA:31,0,1,1
BRDA:45,1,0,0
BRDA:45,1,1,1
BRF:4
BRH:2
end_of_record
TN:
SF:src\reservation\reservationController.ts
FN:76,(anonymous_0)
FN:86,(anonymous_1)
FN:95,(anonymous_2)
FN:108,(anonymous_3)
FN:126,(anonymous_4)
FNF:5
FNH:5
FNDA:1,(anonymous_0)
FNDA:1,(anonymous_1)
FNDA:3,(anonymous_2)
FNDA:2,(anonymous_3)
FNDA:2,(anonymous_4)
DA:67,7
DA:76,7
DA:77,1
DA:78,1
DA:79,1
DA:80,1
DA:82,0
DA:86,7
DA:87,1
DA:88,1
DA:89,1
DA:91,0
DA:95,7
DA:96,3
DA:97,3
DA:98,1
DA:100,2
DA:101,2
DA:102,1
DA:104,1
DA:108,7
DA:109,2
DA:110,2
DA:111,0
DA:113,2
DA:114,2
DA:115,2
DA:116,1
DA:118,1
DA:119,1
DA:120,1
DA:122,0
DA:126,7
DA:127,2
DA:128,2
DA:129,0
DA:131,2
DA:132,2
DA:133,1
DA:135,1
LF:40
LH:35
BRDA:79,0,0,1
BRDA:79,0,1,0
BRDA:88,1,0,1
BRDA:88,1,1,0
BRDA:88,2,0,1
BRDA:88,2,1,1
BRDA:97,3,0,1
BRDA:97,3,1,2
BRDA:101,4,0,1
BRDA:101,4,1,1
BRDA:110,5,0,0
BRDA:110,5,1,2
BRDA:115,6,0,1
BRDA:115,6,1,1
BRDA:119,7,0,1
BRDA:119,7,1,0
BRDA:128,8,0,0
BRDA:128,8,1,2
BRDA:132,9,0,1
BRDA:132,9,1,1
BRF:20
BRH:15
end_of_record
TN:
SF:src\reservation\reservationRouter.ts
FN:5,(anonymous_0)
FN:6,(anonymous_1)
FN:15,(anonymous_2)
FN:24,(anonymous_3)
FN:33,(anonymous_4)
FN:42,(anonymous_5)
FNF:6
FNH:6
FNDA:7,(anonymous_0)
FNDA:1,(anonymous_1)
FNDA:1,(anonymous_2)
FNDA:3,(anonymous_3)
FNDA:2,(anonymous_4)
FNDA:2,(anonymous_5)
DA:2,7
DA:5,7
DA:6,7
DA:7,1
DA:8,1
DA:10,0
DA:15,7
DA:16,1
DA:17,1
DA:19,0
DA:24,7
DA:25,3
DA:26,3
DA:28,0
DA:33,7
DA:34,2
DA:35,2
DA:37,0
DA:42,7
DA:43,2
DA:44,2
DA:46,0
DA:50,7
LF:23
LH:18
BRF:0
BRH:0
end_of_record
TN:
SF:src\reservation\reservationService.ts
FN:7,(anonymous_1)
FN:15,(anonymous_2)
FN:22,(anonymous_3)
FN:27,(anonymous_4)
FN:41,(anonymous_5)
FN:52,(anonymous_6)
FNF:6
FNH:5
FNDA:1,(anonymous_1)
FNDA:4,(anonymous_2)
FNDA:1,(anonymous_3)
FNDA:1,(anonymous_4)
FNDA:2,(anonymous_5)
FNDA:0,(anonymous_6)
DA:1,7
DA:2,7
DA:3,7
DA:7,7
DA:8,1
DA:9,1
DA:10,1
DA:12,0
DA:15,7
DA:16,4
DA:19,4
DA:22,7
DA:23,1
DA:24,1
DA:27,7
DA:28,1
DA:33,1
DA:34,0
DA:37,1
DA:41,7
DA:42,2
DA:46,2
DA:47,1
DA:49,1
DA:52,7
DA:53,0
DA:56,0
LF:27
LH:23
BRDA:9,0,0,1
BRDA:9,0,1,0
BRDA:33,1,0,0
BRDA:33,1,1,1
BRDA:46,2,0,1
BRDA:46,2,1,1
BRF:6
BRH:4
end_of_record
